Using pre-set license
Built from '2021.3/release' branch; Version is '2021.3.17f1 (3e8111cac19d) revision 4096273'; Using compiler version '192829333'; Build Type 'Release'
OS: 'Windows 10  (10.0.19044) 64bit Professional' Language: 'nl' Physical Memory: 16221 MB
BatchMode: 1, IsHumanControllingUs: 0, StartBugReporterOnCrash: 0, Is64bit: 1, IsPro: 1

COMMAND LINE ARGUMENTS:
C:\Program Files\Unity\Hub\Editor\2021.3.17f1\Editor\Unity.exe
-adb2
-batchMode
-noUpm
-name
AssetImportWorker3
-projectPath
C:/Users/Mohez/Documents/GitHub/unity-Mohez_Joris/2D rhythm/Pastel Beats
-logFile
Logs/AssetImportWorker3.log
-srvPort
52338
Successfully changed project path to: C:/Users/Mohez/Documents/GitHub/unity-Mohez_Joris/2D rhythm/Pastel Beats
C:/Users/Mohez/Documents/GitHub/unity-Mohez_Joris/2D rhythm/Pastel Beats
[UnityMemory] Configuration Parameters - Can be set up in boot.config
    "memorysetup-bucket-allocator-granularity=16"
    "memorysetup-bucket-allocator-bucket-count=8"
    "memorysetup-bucket-allocator-block-size=33554432"
    "memorysetup-bucket-allocator-block-count=8"
    "memorysetup-main-allocator-block-size=16777216"
    "memorysetup-thread-allocator-block-size=16777216"
    "memorysetup-gfx-main-allocator-block-size=16777216"
    "memorysetup-gfx-thread-allocator-block-size=16777216"
    "memorysetup-cache-allocator-block-size=4194304"
    "memorysetup-typetree-allocator-block-size=2097152"
    "memorysetup-profiler-bucket-allocator-granularity=16"
    "memorysetup-profiler-bucket-allocator-bucket-count=8"
    "memorysetup-profiler-bucket-allocator-block-size=33554432"
    "memorysetup-profiler-bucket-allocator-block-count=8"
    "memorysetup-profiler-allocator-block-size=16777216"
    "memorysetup-profiler-editor-allocator-block-size=1048576"
    "memorysetup-temp-allocator-size-main=16777216"
    "memorysetup-job-temp-allocator-block-size=2097152"
    "memorysetup-job-temp-allocator-block-size-background=1048576"
    "memorysetup-job-temp-allocator-reduction-small-platforms=262144"
    "memorysetup-temp-allocator-size-background-worker=32768"
    "memorysetup-temp-allocator-size-job-worker=262144"
    "memorysetup-temp-allocator-size-preload-manager=33554432"
    "memorysetup-temp-allocator-size-nav-mesh-worker=65536"
    "memorysetup-temp-allocator-size-audio-worker=65536"
    "memorysetup-temp-allocator-size-cloud-worker=32768"
    "memorysetup-temp-allocator-size-gi-baking-worker=262144"
    "memorysetup-temp-allocator-size-gfx=262144"
Player connection [39156] Host "[IP] 192.168.2.19 [Port] 0 [Flags] 2 [Guid] 884820698 [EditorId] 884820698 [Version] 1048832 [Id] WindowsEditor(7,DESKTOP-GVUFRHV) [Debug] 1 [PackageName] WindowsEditor [ProjectName] Editor" joined multi-casting on [225.0.0.222:54997]...

Player connection [39156] Host "[IP] 192.168.2.19 [Port] 0 [Flags] 2 [Guid] 884820698 [EditorId] 884820698 [Version] 1048832 [Id] WindowsEditor(7,DESKTOP-GVUFRHV) [Debug] 1 [PackageName] WindowsEditor [ProjectName] Editor" joined alternative multi-casting on [225.0.0.222:34997]...

Refreshing native plugins compatible for Editor in 59.51 ms, found 2 plugins.
Preloading 0 native plugins for Editor in 0.00 ms.
Initialize engine version: 2021.3.17f1 (3e8111cac19d)
[Subsystems] Discovering subsystems at path C:/Program Files/Unity/Hub/Editor/2021.3.17f1/Editor/Data/Resources/UnitySubsystems
[Subsystems] Discovering subsystems at path C:/Users/Mohez/Documents/GitHub/unity-Mohez_Joris/2D rhythm/Pastel Beats/Assets
GfxDevice: creating device client; threaded=0; jobified=0
Direct3D:
    Version:  Direct3D 11.0 [level 11.1]
    Renderer: NVIDIA GeForce RTX 3060 Ti (ID=0x2489)
    Vendor:   NVIDIA
    VRAM:     8038 MB
    Driver:   31.0.15.2802
Initialize mono
Mono path[0] = 'C:/Program Files/Unity/Hub/Editor/2021.3.17f1/Editor/Data/Managed'
Mono path[1] = 'C:/Program Files/Unity/Hub/Editor/2021.3.17f1/Editor/Data/MonoBleedingEdge/lib/mono/unityjit-win32'
Mono config path = 'C:/Program Files/Unity/Hub/Editor/2021.3.17f1/Editor/Data/MonoBleedingEdge/etc'
Using monoOptions --debugger-agent=transport=dt_socket,embedding=1,server=y,suspend=n,address=127.0.0.1:56880
Begin MonoManager ReloadAssembly
Registering precompiled unity dll's ...
Register platform support module: C:/Program Files/Unity/Hub/Editor/2021.3.17f1/Editor/Data/PlaybackEngines/WindowsStandaloneSupport/UnityEditor.WindowsStandalone.Extensions.dll
Registered in 0.005340 seconds.
Native extension for WindowsStandalone target not found
Refreshing native plugins compatible for Editor in 40.39 ms, found 2 plugins.
Preloading 0 native plugins for Editor in 0.00 ms.
Mono: successfully reloaded assembly
- Completed reload, in  0.482 seconds
Domain Reload Profiling:
	ReloadAssembly (482ms)
		BeginReloadAssembly (60ms)
			ExecutionOrderSort (0ms)
			DisableScriptedObjects (0ms)
			BackupInstance (0ms)
			ReleaseScriptingObjects (0ms)
			CreateAndSetChildDomain (1ms)
		EndReloadAssembly (332ms)
			LoadAssemblies (58ms)
			RebuildTransferFunctionScriptingTraits (0ms)
			SetupTypeCache (82ms)
			ReleaseScriptCaches (0ms)
			RebuildScriptCaches (21ms)
			SetupLoadedEditorAssemblies (189ms)
				LogAssemblyErrors (0ms)
				InitializePlatformSupportModulesInManaged (7ms)
				SetLoadedEditorAssemblies (0ms)
				RefreshPlugins (40ms)
				BeforeProcessingInitializeOnLoad (1ms)
				ProcessInitializeOnLoadAttributes (106ms)
				ProcessInitializeOnLoadMethodAttributes (35ms)
				AfterProcessingInitializeOnLoad (0ms)
				EditorAssembliesLoaded (0ms)
			ExecutionOrderSort2 (0ms)
			AwakeInstancesAfterBackupRestoration (0ms)
Platform modules already initialized, skipping
Registering precompiled user dll's ...
Registered in 0.003759 seconds.
Begin MonoManager ReloadAssembly
Native extension for WindowsStandalone target not found
Refreshing native plugins compatible for Editor in 0.44 ms, found 2 plugins.
Preloading 0 native plugins for Editor in 0.00 ms.
Mono: successfully reloaded assembly
- Completed reload, in  0.922 seconds
Domain Reload Profiling:
	ReloadAssembly (923ms)
		BeginReloadAssembly (81ms)
			ExecutionOrderSort (0ms)
			DisableScriptedObjects (4ms)
			BackupInstance (0ms)
			ReleaseScriptingObjects (0ms)
			CreateAndSetChildDomain (14ms)
		EndReloadAssembly (754ms)
			LoadAssemblies (59ms)
			RebuildTransferFunctionScriptingTraits (0ms)
			SetupTypeCache (132ms)
			ReleaseScriptCaches (0ms)
			RebuildScriptCaches (35ms)
			SetupLoadedEditorAssemblies (492ms)
				LogAssemblyErrors (0ms)
				InitializePlatformSupportModulesInManaged (4ms)
				SetLoadedEditorAssemblies (0ms)
				RefreshPlugins (0ms)
				BeforeProcessingInitializeOnLoad (65ms)
				ProcessInitializeOnLoadAttributes (316ms)
				ProcessInitializeOnLoadMethodAttributes (94ms)
				AfterProcessingInitializeOnLoad (12ms)
				EditorAssembliesLoaded (0ms)
			ExecutionOrderSort2 (0ms)
			AwakeInstancesAfterBackupRestoration (6ms)
Platform modules already initialized, skipping
========================================================================
Worker process is ready to serve import requests
Launched and connected shader compiler UnityShaderCompiler.exe after 0.04 seconds
Refreshing native plugins compatible for Editor in 0.51 ms, found 2 plugins.
Preloading 0 native plugins for Editor in 0.00 ms.
Unloading 2466 Unused Serialized files (Serialized files now loaded: 0)
Unloading 62 unused Assets / (159.8 KB). Loaded Objects now: 2903.
Memory consumption went from 95.5 MB to 95.3 MB.
Total: 5.313700 ms (FindLiveObjects: 0.166600 ms CreateObjectMapping: 0.093600 ms MarkObjects: 4.943100 ms  DeleteObjects: 0.109200 ms)

AssetImportParameters requested are different than current active one (requested -> active):
  custom:video-decoder-ogg-theora: a1e56fd34408186e4bbccfd4996cb3dc -> 
  custom:container-muxer-webm: aa71ff27fc2769a1b78a27578f13a17b -> 
  custom:container-demuxer-webm: 4f35f7cbe854078d1ac9338744f61a02 -> 
  custom:video-encoder-webm-vp8: eb34c28f22e8b96e1ab97ce403110664 -> 
  custom:audio-encoder-webm-vorbis: bf7c407c2cedff20999df2af8eb42d56 -> 
  custom:framework-win-MediaFoundation: 216162199b28c13a410421893ffa2e32 -> 
  custom:container-demuxer-ogg: 62fdf1f143b41e24485cea50d1cbac27 -> 
  custom:video-decoder-webm-vp8: 9c59270c3fd7afecdb556c50c9e8de78 -> 
  custom:audio-decoder-ogg-vorbis: bf7c407c2cedff20999df2af8eb42d56 -> 
========================================================================
Received Import Request.
  Time since last request: 499973.224613 seconds.
  path: Assets/Rhythm Game Tutorial/FinishedObjects/Sprites/PNG/Icon76.png
  artifactKey: Guid(0a63bd1da5ec3a94d8e81c064f427acf) Importer(815301076,1909f56bfc062723c751e8b465ee728b)
Start importing Assets/Rhythm Game Tutorial/FinishedObjects/Sprites/PNG/Icon76.png using Guid(0a63bd1da5ec3a94d8e81c064f427acf) Importer(815301076,1909f56bfc062723c751e8b465ee728b)  -> (artifact id: '6863bff1b36b96cf55822fe6a3a6ddbb') in 0.091296 seconds 
========================================================================
Received Import Request.
  Time since last request: 0.447033 seconds.
  path: Assets/Rhythm Game Tutorial/FinishedObjects/Sprites/PNG/Icon87.png
  artifactKey: Guid(223cf82ef16cedd46ac3b74b647b0725) Importer(815301076,1909f56bfc062723c751e8b465ee728b)
Start importing Assets/Rhythm Game Tutorial/FinishedObjects/Sprites/PNG/Icon87.png using Guid(223cf82ef16cedd46ac3b74b647b0725) Importer(815301076,1909f56bfc062723c751e8b465ee728b)  -> (artifact id: '020bc1356a7eaac682c7d7d8695c8883') in 0.014903 seconds 
========================================================================
Received Import Request.
  Time since last request: 0.000018 seconds.
  path: Assets/Rhythm Game Tutorial/FinishedObjects/Sprites/PNG/Icon100.png
  artifactKey: Guid(ab7ca52d36c6f4b46b414f5fcb6ba98d) Importer(815301076,1909f56bfc062723c751e8b465ee728b)
Start importing Assets/Rhythm Game Tutorial/FinishedObjects/Sprites/PNG/Icon100.png using Guid(ab7ca52d36c6f4b46b414f5fcb6ba98d) Importer(815301076,1909f56bfc062723c751e8b465ee728b)  -> (artifact id: '301606858b447ffa318c576d4b54ae2e') in 0.023344 seconds 
========================================================================
Received Import Request.
  Time since last request: 0.000017 seconds.
  path: Assets/Rhythm Game Tutorial/FinishedObjects/Sprites/PNG/Icon102.png
  artifactKey: Guid(2e9d984180e7429409b8071b78616f48) Importer(815301076,1909f56bfc062723c751e8b465ee728b)
Start importing Assets/Rhythm Game Tutorial/FinishedObjects/Sprites/PNG/Icon102.png using Guid(2e9d984180e7429409b8071b78616f48) Importer(815301076,1909f56bfc062723c751e8b465ee728b)  -> (artifact id: 'dcef9ea479a221a82d11bc1980835740') in 0.011886 seconds 
========================================================================
Received Import Request.
  Time since last request: 0.000016 seconds.
  path: Assets/Rhythm Game Tutorial/FinishedObjects/Sprites/PNG/Icon101.png
  artifactKey: Guid(ab3b4b5600b3e8940898d0f6b45722d9) Importer(815301076,1909f56bfc062723c751e8b465ee728b)
Start importing Assets/Rhythm Game Tutorial/FinishedObjects/Sprites/PNG/Icon101.png using Guid(ab3b4b5600b3e8940898d0f6b45722d9) Importer(815301076,1909f56bfc062723c751e8b465ee728b)  -> (artifact id: 'ae192c8d68fe332f57ff3fe22d4350e4') in 0.013817 seconds 
========================================================================
Received Import Request.
  Time since last request: 0.000015 seconds.
  path: Assets/Rhythm Game Tutorial/FinishedObjects/Sprites/PNG/Icon103.png
  artifactKey: Guid(f4ffa6b68b37c85419a32e0ceeee0e79) Importer(815301076,1909f56bfc062723c751e8b465ee728b)
Start importing Assets/Rhythm Game Tutorial/FinishedObjects/Sprites/PNG/Icon103.png using Guid(f4ffa6b68b37c85419a32e0ceeee0e79) Importer(815301076,1909f56bfc062723c751e8b465ee728b)  -> (artifact id: '2ecf0f5ae41b62bc7f6ee28fcaacc967') in 0.016120 seconds 
========================================================================
Received Import Request.
  Time since last request: 0.000017 seconds.
  path: Assets/Rhythm Game Tutorial/FinishedObjects/Sprites/PNG/Msg14.png
  artifactKey: Guid(fa5e378bd7d648e4683c7806e79839b5) Importer(815301076,1909f56bfc062723c751e8b465ee728b)
Start importing Assets/Rhythm Game Tutorial/FinishedObjects/Sprites/PNG/Msg14.png using Guid(fa5e378bd7d648e4683c7806e79839b5) Importer(815301076,1909f56bfc062723c751e8b465ee728b)  -> (artifact id: '321b880f20061696e0e7d8f96297c5c5') in 0.017918 seconds 
========================================================================
Received Import Request.
  Time since last request: 0.000015 seconds.
  path: Assets/Rhythm Game Tutorial/FinishedObjects/Sprites/PNG/Number06.png
  artifactKey: Guid(25027dc0d6cb96d43ae28f10d17418a8) Importer(815301076,1909f56bfc062723c751e8b465ee728b)
Start importing Assets/Rhythm Game Tutorial/FinishedObjects/Sprites/PNG/Number06.png using Guid(25027dc0d6cb96d43ae28f10d17418a8) Importer(815301076,1909f56bfc062723c751e8b465ee728b)  -> (artifact id: '89e4131e02ca4c628d15645a7a42bd07') in 0.012994 seconds 
========================================================================
Received Import Request.
  Time since last request: 0.000013 seconds.
  path: Assets/Rhythm Game Tutorial/FinishedObjects/Sprites/PNG/Number03.png
  artifactKey: Guid(3e077bff9bb0fca42a884ab64cc8b796) Importer(815301076,1909f56bfc062723c751e8b465ee728b)
Start importing Assets/Rhythm Game Tutorial/FinishedObjects/Sprites/PNG/Number03.png using Guid(3e077bff9bb0fca42a884ab64cc8b796) Importer(815301076,1909f56bfc062723c751e8b465ee728b)  -> (artifact id: '6c78f042824442e96466e4c9890ac655') in 0.012226 seconds 
========================================================================
Received Import Request.
  Time since last request: 0.000016 seconds.
  path: Assets/Rhythm Game Tutorial/FinishedObjects/Sprites/PNG/Icon96.png
  artifactKey: Guid(16a5c6f4cbd09c143b38b9b2998203c0) Importer(815301076,1909f56bfc062723c751e8b465ee728b)
Start importing Assets/Rhythm Game Tutorial/FinishedObjects/Sprites/PNG/Icon96.png using Guid(16a5c6f4cbd09c143b38b9b2998203c0) Importer(815301076,1909f56bfc062723c751e8b465ee728b)  -> (artifact id: '8162c8ccaa6b048274aaa49d1a8c0032') in 0.011937 seconds 
========================================================================
Received Import Request.
  Time since last request: 0.000014 seconds.
  path: Assets/Rhythm Game Tutorial/FinishedObjects/Sprites/PNG/Msg08.png
  artifactKey: Guid(b4e3aa7e02f33634784fd658a914ce08) Importer(815301076,1909f56bfc062723c751e8b465ee728b)
Start importing Assets/Rhythm Game Tutorial/FinishedObjects/Sprites/PNG/Msg08.png using Guid(b4e3aa7e02f33634784fd658a914ce08) Importer(815301076,1909f56bfc062723c751e8b465ee728b)  -> (artifact id: '51a0db95ffbc8c5539e73f3c186ae1f3') in 0.021008 seconds 
========================================================================
Received Import Request.
  Time since last request: 0.000019 seconds.
  path: Assets/Rhythm Game Tutorial/FinishedObjects/Sprites/PNG/Icon91.png
  artifactKey: Guid(76f6e5b5c71293441a09379f85e527dd) Importer(815301076,1909f56bfc062723c751e8b465ee728b)
Start importing Assets/Rhythm Game Tutorial/FinishedObjects/Sprites/PNG/Icon91.png using Guid(76f6e5b5c71293441a09379f85e527dd) Importer(815301076,1909f56bfc062723c751e8b465ee728b)  -> (artifact id: '738041976a5ac113e2f673d3a398325a') in 0.012484 seconds 
========================================================================
Received Import Request.
  Time since last request: 0.000020 seconds.
  path: Assets/Rhythm Game Tutorial/FinishedObjects/Sprites/PNG/Msg18.png
  artifactKey: Guid(2a672765c88895a4e9f2eec248cf4396) Importer(815301076,1909f56bfc062723c751e8b465ee728b)
Start importing Assets/Rhythm Game Tutorial/FinishedObjects/Sprites/PNG/Msg18.png using Guid(2a672765c88895a4e9f2eec248cf4396) Importer(815301076,1909f56bfc062723c751e8b465ee728b)  -> (artifact id: 'aa30ec530a4275d90b2c4a1698f25a9c') in 0.023981 seconds 
========================================================================
Received Import Request.
  Time since last request: 0.000022 seconds.
  path: Assets/Rhythm Game Tutorial/FinishedObjects/Sprites/PNG/Msg17.png
  artifactKey: Guid(7e4cbacb3b2f760428d0433b0a1c5209) Importer(815301076,1909f56bfc062723c751e8b465ee728b)
Start importing Assets/Rhythm Game Tutorial/FinishedObjects/Sprites/PNG/Msg17.png using Guid(7e4cbacb3b2f760428d0433b0a1c5209) Importer(815301076,1909f56bfc062723c751e8b465ee728b)  -> (artifact id: '35f7ab6dd445620dacfb5bdc3b14ca0a') in 0.018956 seconds 
========================================================================
Received Import Request.
  Time since last request: 0.000016 seconds.
  path: Assets/Rhythm Game Tutorial/FinishedObjects/Sprites/PNG/KWDA1EInterface-ZSQNkO.png
  artifactKey: Guid(2c69cfe054240c74a89a2d44d13ab52c) Importer(815301076,1909f56bfc062723c751e8b465ee728b)
Start importing Assets/Rhythm Game Tutorial/FinishedObjects/Sprites/PNG/KWDA1EInterface-ZSQNkO.png using Guid(2c69cfe054240c74a89a2d44d13ab52c) Importer(815301076,1909f56bfc062723c751e8b465ee728b)  -> (artifact id: '025c39351dcccb17f1749fcbd3eb2b26') in 0.015102 seconds 
========================================================================
Received Import Request.
  Time since last request: 0.000014 seconds.
  path: Assets/Rhythm Game Tutorial/FinishedObjects/Sprites/PNG/Msg09.png
  artifactKey: Guid(cc77c1fb5be3ddc4b82226a8f97129c7) Importer(815301076,1909f56bfc062723c751e8b465ee728b)
Start importing Assets/Rhythm Game Tutorial/FinishedObjects/Sprites/PNG/Msg09.png using Guid(cc77c1fb5be3ddc4b82226a8f97129c7) Importer(815301076,1909f56bfc062723c751e8b465ee728b)  -> (artifact id: '6bb1421fbee3a4ff76f19b4bbc6a6225') in 0.017657 seconds 
========================================================================
Received Import Request.
  Time since last request: 0.000015 seconds.
  path: Assets/Rhythm Game Tutorial/FinishedObjects/Sprites/PNG/Number02.png
  artifactKey: Guid(d1e15310e9726424b98039ddab9852d6) Importer(815301076,1909f56bfc062723c751e8b465ee728b)
Start importing Assets/Rhythm Game Tutorial/FinishedObjects/Sprites/PNG/Number02.png using Guid(d1e15310e9726424b98039ddab9852d6) Importer(815301076,1909f56bfc062723c751e8b465ee728b)  -> (artifact id: '60869caab50388c755fe499155149a73') in 0.012708 seconds 
========================================================================
Received Import Request.
  Time since last request: 0.223548 seconds.
  path: Assets/Rhythm Game Tutorial/FinishedObjects/Sprites/PNG/Number09.png
  artifactKey: Guid(99f16852673f9964b9f6635855fd75c1) Importer(815301076,1909f56bfc062723c751e8b465ee728b)
Start importing Assets/Rhythm Game Tutorial/FinishedObjects/Sprites/PNG/Number09.png using Guid(99f16852673f9964b9f6635855fd75c1) Importer(815301076,1909f56bfc062723c751e8b465ee728b)  -> (artifact id: 'efb3f06a17e20a96395743b185e30fb5') in 0.022109 seconds 
========================================================================
Received Import Request.
  Time since last request: 0.000017 seconds.
  path: Assets/Rhythm Game Tutorial/FinishedObjects/Sprites/PNG/Number23.png
  artifactKey: Guid(564666c1fa6c30e44b230cdae44fd84b) Importer(815301076,1909f56bfc062723c751e8b465ee728b)
Start importing Assets/Rhythm Game Tutorial/FinishedObjects/Sprites/PNG/Number23.png using Guid(564666c1fa6c30e44b230cdae44fd84b) Importer(815301076,1909f56bfc062723c751e8b465ee728b)  -> (artifact id: 'e20976e6352503d4b0ceea1a033f4716') in 0.012497 seconds 
========================================================================
Received Import Request.
  Time since last request: 0.000016 seconds.
  path: Assets/Rhythm Game Tutorial/FinishedObjects/Sprites/PNG/Number34.png
  artifactKey: Guid(2ae9aca7c1cc35f41a89623f5beb1565) Importer(815301076,1909f56bfc062723c751e8b465ee728b)
Start importing Assets/Rhythm Game Tutorial/FinishedObjects/Sprites/PNG/Number34.png using Guid(2ae9aca7c1cc35f41a89623f5beb1565) Importer(815301076,1909f56bfc062723c751e8b465ee728b)  -> (artifact id: '5ed75d8b5848d271302d28f5d70c0a23') in 0.013055 seconds 
========================================================================
Received Import Request.
  Time since last request: 0.000016 seconds.
  path: Assets/Rhythm Game Tutorial/FinishedObjects/Sprites/PNG/Number14.png
  artifactKey: Guid(72ca1acab7d58f540a1348f6971495ef) Importer(815301076,1909f56bfc062723c751e8b465ee728b)
Start importing Assets/Rhythm Game Tutorial/FinishedObjects/Sprites/PNG/Number14.png using Guid(72ca1acab7d58f540a1348f6971495ef) Importer(815301076,1909f56bfc062723c751e8b465ee728b)  -> (artifact id: '28fb062464ee466b3c140a8c3869ae14') in 0.013824 seconds 
========================================================================
Received Import Request.
  Time since last request: 0.000016 seconds.
  path: Assets/Rhythm Game Tutorial/FinishedObjects/Sprites/PNG/Number43.png
  artifactKey: Guid(53c17fabd52133f4e921b6fc4f99d509) Importer(815301076,1909f56bfc062723c751e8b465ee728b)
Start importing Assets/Rhythm Game Tutorial/FinishedObjects/Sprites/PNG/Number43.png using Guid(53c17fabd52133f4e921b6fc4f99d509) Importer(815301076,1909f56bfc062723c751e8b465ee728b)  -> (artifact id: '6b41a8d6b843689488eee4095380e8bf') in 0.015512 seconds 
========================================================================
Received Import Request.
  Time since last request: 0.000013 seconds.
  path: Assets/Rhythm Game Tutorial/FinishedObjects/Sprites/PNG/Number18.png
  artifactKey: Guid(16396ed2066660947ac5b42a30ec9e6b) Importer(815301076,1909f56bfc062723c751e8b465ee728b)
Start importing Assets/Rhythm Game Tutorial/FinishedObjects/Sprites/PNG/Number18.png using Guid(16396ed2066660947ac5b42a30ec9e6b) Importer(815301076,1909f56bfc062723c751e8b465ee728b)  -> (artifact id: 'e7b832b5c527826ca3edb6f5c0d8941b') in 0.013869 seconds 
========================================================================
Received Import Request.
  Time since last request: 0.000016 seconds.
  path: Assets/Rhythm Game Tutorial/FinishedObjects/Sprites/PNG/Slider03.png
  artifactKey: Guid(facafdb61306dee4bbb4e595b7553f40) Importer(815301076,1909f56bfc062723c751e8b465ee728b)
Start importing Assets/Rhythm Game Tutorial/FinishedObjects/Sprites/PNG/Slider03.png using Guid(facafdb61306dee4bbb4e595b7553f40) Importer(815301076,1909f56bfc062723c751e8b465ee728b)  -> (artifact id: '5637310c341a0ade59459ebca31c43a9') in 0.016810 seconds 
========================================================================
Received Import Request.
  Time since last request: 0.000015 seconds.
  path: Assets/Rhythm Game Tutorial/FinishedObjects/Sprites/PNG/Slider02.png
  artifactKey: Guid(8e917dcbe5e241c419b6e613f6fe497b) Importer(815301076,1909f56bfc062723c751e8b465ee728b)
Start importing Assets/Rhythm Game Tutorial/FinishedObjects/Sprites/PNG/Slider02.png using Guid(8e917dcbe5e241c419b6e613f6fe497b) Importer(815301076,1909f56bfc062723c751e8b465ee728b)  -> (artifact id: '4524e58b754539fbae452d2646846eaf') in 0.013643 seconds 
========================================================================
Received Import Request.
  Time since last request: 0.000020 seconds.
  path: Assets/Rhythm Game Tutorial/FinishedObjects/Sprites/PNG/Number16.png
  artifactKey: Guid(faa04b1c2c22d1b428562acd27e03b6c) Importer(815301076,1909f56bfc062723c751e8b465ee728b)
Start importing Assets/Rhythm Game Tutorial/FinishedObjects/Sprites/PNG/Number16.png using Guid(faa04b1c2c22d1b428562acd27e03b6c) Importer(815301076,1909f56bfc062723c751e8b465ee728b)  -> (artifact id: '0d83155ff3f7efc281bd6f43d5e97e28') in 0.019840 seconds 
========================================================================
Received Import Request.
  Time since last request: 0.000014 seconds.
  path: Assets/Rhythm Game Tutorial/FinishedObjects/Sprites/PNG/Number39.png
  artifactKey: Guid(28c947d0b63eb374b90b6190d1f5fb59) Importer(815301076,1909f56bfc062723c751e8b465ee728b)
Start importing Assets/Rhythm Game Tutorial/FinishedObjects/Sprites/PNG/Number39.png using Guid(28c947d0b63eb374b90b6190d1f5fb59) Importer(815301076,1909f56bfc062723c751e8b465ee728b)  -> (artifact id: '4b4f0af9fb87eb5c9030d27f76e0a6c9') in 0.011515 seconds 
========================================================================
Received Import Request.
  Time since last request: 0.000014 seconds.
  path: Assets/Rhythm Game Tutorial/FinishedObjects/Sprites/PNG/Progress05.png
  artifactKey: Guid(c8bb6f094fa25a244b96df4138e486b2) Importer(815301076,1909f56bfc062723c751e8b465ee728b)
Start importing Assets/Rhythm Game Tutorial/FinishedObjects/Sprites/PNG/Progress05.png using Guid(c8bb6f094fa25a244b96df4138e486b2) Importer(815301076,1909f56bfc062723c751e8b465ee728b)  -> (artifact id: '9f44ed068c36496ff4d565b295c1f48f') in 0.014093 seconds 
========================================================================
Received Import Request.
  Time since last request: 0.000018 seconds.
  path: Assets/Rhythm Game Tutorial/FinishedObjects/Sprites/PNG/Number10.png
  artifactKey: Guid(923d30c20446e3a448057ab52548d2b2) Importer(815301076,1909f56bfc062723c751e8b465ee728b)
Start importing Assets/Rhythm Game Tutorial/FinishedObjects/Sprites/PNG/Number10.png using Guid(923d30c20446e3a448057ab52548d2b2) Importer(815301076,1909f56bfc062723c751e8b465ee728b)  -> (artifact id: '0a8928fffc8f0d657c20d9671b3ad94b') in 0.014053 seconds 
========================================================================
Received Import Request.
  Time since last request: 0.000015 seconds.
  path: Assets/Rhythm Game Tutorial/FinishedObjects/Sprites/PNG/Number35.png
  artifactKey: Guid(a3d5a565f0266d7419f76a1cc53c9ae8) Importer(815301076,1909f56bfc062723c751e8b465ee728b)
Start importing Assets/Rhythm Game Tutorial/FinishedObjects/Sprites/PNG/Number35.png using Guid(a3d5a565f0266d7419f76a1cc53c9ae8) Importer(815301076,1909f56bfc062723c751e8b465ee728b)  -> (artifact id: 'a3c02ea90f3046ca655bbd99f9f90833') in 0.014267 seconds 
========================================================================
Received Import Request.
  Time since last request: 0.000020 seconds.
  path: Assets/Rhythm Game Tutorial/FinishedObjects/Sprites/PNG/Number17.png
  artifactKey: Guid(36ae54d31fa50b44a9c3c4f378a1c4ae) Importer(815301076,1909f56bfc062723c751e8b465ee728b)
Start importing Assets/Rhythm Game Tutorial/FinishedObjects/Sprites/PNG/Number17.png using Guid(36ae54d31fa50b44a9c3c4f378a1c4ae) Importer(815301076,1909f56bfc062723c751e8b465ee728b)  -> (artifact id: '100db4bb8ac253e3a9bcd7b8dec6cbfd') in 0.014552 seconds 
========================================================================
Received Import Request.
  Time since last request: 0.000016 seconds.
  path: Assets/Rhythm Game Tutorial/FinishedObjects/Sprites/PNG/Number24.png
  artifactKey: Guid(6428afedf3ef40f4fb3e31c330c25a72) Importer(815301076,1909f56bfc062723c751e8b465ee728b)
Start importing Assets/Rhythm Game Tutorial/FinishedObjects/Sprites/PNG/Number24.png using Guid(6428afedf3ef40f4fb3e31c330c25a72) Importer(815301076,1909f56bfc062723c751e8b465ee728b)  -> (artifact id: '212b3ee88c0af7a6cd714b8c7e09a751') in 0.015654 seconds 
========================================================================
Received Import Request.
  Time since last request: 0.000016 seconds.
  path: Assets/Rhythm Game Tutorial/FinishedObjects/Sprites/PNG/Number13.png
  artifactKey: Guid(a88a8cc89d8ae1c49a7393b4dd4ed545) Importer(815301076,1909f56bfc062723c751e8b465ee728b)
Start importing Assets/Rhythm Game Tutorial/FinishedObjects/Sprites/PNG/Number13.png using Guid(a88a8cc89d8ae1c49a7393b4dd4ed545) Importer(815301076,1909f56bfc062723c751e8b465ee728b)  -> (artifact id: '6ecbb492b91f10ee9d2bac2ca6e17e1c') in 0.013835 seconds 
Editor requested this worker to shutdown with reason: Scaling down because of idle timeout
AssetImportWorker is now disconnected from the server
Process exiting
Exiting without the bug reporter. Application will terminate with return code 0