Using pre-set license
Built from '2021.3/release' branch; Version is '2021.3.17f1 (3e8111cac19d) revision 4096273'; Using compiler version '192829333'; Build Type 'Release'
OS: 'Windows 10  (10.0.19044) 64bit Professional' Language: 'nl' Physical Memory: 16221 MB
BatchMode: 1, IsHumanControllingUs: 0, StartBugReporterOnCrash: 0, Is64bit: 1, IsPro: 1

COMMAND LINE ARGUMENTS:
C:\Program Files\Unity\Hub\Editor\2021.3.17f1\Editor\Unity.exe
-adb2
-batchMode
-noUpm
-name
AssetImportWorker0
-projectPath
C:/Users/Mohez/Documents/GitHub/unity-Mohez_Joris/2D rhythm/Pastel Beats
-logFile
Logs/AssetImportWorker0.log
-srvPort
52338
Successfully changed project path to: C:/Users/Mohez/Documents/GitHub/unity-Mohez_Joris/2D rhythm/Pastel Beats
C:/Users/Mohez/Documents/GitHub/unity-Mohez_Joris/2D rhythm/Pastel Beats
[UnityMemory] Configuration Parameters - Can be set up in boot.config
    "memorysetup-bucket-allocator-granularity=16"
    "memorysetup-bucket-allocator-bucket-count=8"
    "memorysetup-bucket-allocator-block-size=33554432"
    "memorysetup-bucket-allocator-block-count=8"
    "memorysetup-main-allocator-block-size=16777216"
    "memorysetup-thread-allocator-block-size=16777216"
    "memorysetup-gfx-main-allocator-block-size=16777216"
    "memorysetup-gfx-thread-allocator-block-size=16777216"
    "memorysetup-cache-allocator-block-size=4194304"
    "memorysetup-typetree-allocator-block-size=2097152"
    "memorysetup-profiler-bucket-allocator-granularity=16"
    "memorysetup-profiler-bucket-allocator-bucket-count=8"
    "memorysetup-profiler-bucket-allocator-block-size=33554432"
    "memorysetup-profiler-bucket-allocator-block-count=8"
    "memorysetup-profiler-allocator-block-size=16777216"
    "memorysetup-profiler-editor-allocator-block-size=1048576"
    "memorysetup-temp-allocator-size-main=16777216"
    "memorysetup-job-temp-allocator-block-size=2097152"
    "memorysetup-job-temp-allocator-block-size-background=1048576"
    "memorysetup-job-temp-allocator-reduction-small-platforms=262144"
    "memorysetup-temp-allocator-size-background-worker=32768"
    "memorysetup-temp-allocator-size-job-worker=262144"
    "memorysetup-temp-allocator-size-preload-manager=33554432"
    "memorysetup-temp-allocator-size-nav-mesh-worker=65536"
    "memorysetup-temp-allocator-size-audio-worker=65536"
    "memorysetup-temp-allocator-size-cloud-worker=32768"
    "memorysetup-temp-allocator-size-gi-baking-worker=262144"
    "memorysetup-temp-allocator-size-gfx=262144"
Player connection [38804] Host "[IP] 192.168.2.19 [Port] 0 [Flags] 2 [Guid] 4064142551 [EditorId] 4064142551 [Version] 1048832 [Id] WindowsEditor(7,DESKTOP-GVUFRHV) [Debug] 1 [PackageName] WindowsEditor [ProjectName] Editor" joined multi-casting on [225.0.0.222:54997]...

Player connection [38804] Host "[IP] 192.168.2.19 [Port] 0 [Flags] 2 [Guid] 4064142551 [EditorId] 4064142551 [Version] 1048832 [Id] WindowsEditor(7,DESKTOP-GVUFRHV) [Debug] 1 [PackageName] WindowsEditor [ProjectName] Editor" joined alternative multi-casting on [225.0.0.222:34997]...

Refreshing native plugins compatible for Editor in 49.02 ms, found 2 plugins.
Preloading 0 native plugins for Editor in 0.00 ms.
Initialize engine version: 2021.3.17f1 (3e8111cac19d)
[Subsystems] Discovering subsystems at path C:/Program Files/Unity/Hub/Editor/2021.3.17f1/Editor/Data/Resources/UnitySubsystems
[Subsystems] Discovering subsystems at path C:/Users/Mohez/Documents/GitHub/unity-Mohez_Joris/2D rhythm/Pastel Beats/Assets
GfxDevice: creating device client; threaded=0; jobified=0
Direct3D:
    Version:  Direct3D 11.0 [level 11.1]
    Renderer: NVIDIA GeForce RTX 3060 Ti (ID=0x2489)
    Vendor:   NVIDIA
    VRAM:     8038 MB
    Driver:   31.0.15.2802
Initialize mono
Mono path[0] = 'C:/Program Files/Unity/Hub/Editor/2021.3.17f1/Editor/Data/Managed'
Mono path[1] = 'C:/Program Files/Unity/Hub/Editor/2021.3.17f1/Editor/Data/MonoBleedingEdge/lib/mono/unityjit-win32'
Mono config path = 'C:/Program Files/Unity/Hub/Editor/2021.3.17f1/Editor/Data/MonoBleedingEdge/etc'
Using monoOptions --debugger-agent=transport=dt_socket,embedding=1,server=y,suspend=n,address=127.0.0.1:56196
Begin MonoManager ReloadAssembly
Registering precompiled unity dll's ...
Register platform support module: C:/Program Files/Unity/Hub/Editor/2021.3.17f1/Editor/Data/PlaybackEngines/WindowsStandaloneSupport/UnityEditor.WindowsStandalone.Extensions.dll
Registered in 0.005829 seconds.
Native extension for WindowsStandalone target not found
Refreshing native plugins compatible for Editor in 39.68 ms, found 2 plugins.
Preloading 0 native plugins for Editor in 0.00 ms.
Mono: successfully reloaded assembly
- Completed reload, in  0.514 seconds
Domain Reload Profiling:
	ReloadAssembly (514ms)
		BeginReloadAssembly (60ms)
			ExecutionOrderSort (0ms)
			DisableScriptedObjects (0ms)
			BackupInstance (0ms)
			ReleaseScriptingObjects (0ms)
			CreateAndSetChildDomain (1ms)
		EndReloadAssembly (361ms)
			LoadAssemblies (58ms)
			RebuildTransferFunctionScriptingTraits (0ms)
			SetupTypeCache (86ms)
			ReleaseScriptCaches (0ms)
			RebuildScriptCaches (21ms)
			SetupLoadedEditorAssemblies (210ms)
				LogAssemblyErrors (0ms)
				InitializePlatformSupportModulesInManaged (7ms)
				SetLoadedEditorAssemblies (0ms)
				RefreshPlugins (40ms)
				BeforeProcessingInitializeOnLoad (1ms)
				ProcessInitializeOnLoadAttributes (119ms)
				ProcessInitializeOnLoadMethodAttributes (43ms)
				AfterProcessingInitializeOnLoad (0ms)
				EditorAssembliesLoaded (0ms)
			ExecutionOrderSort2 (0ms)
			AwakeInstancesAfterBackupRestoration (0ms)
Platform modules already initialized, skipping
Registering precompiled user dll's ...
Registered in 0.003901 seconds.
Begin MonoManager ReloadAssembly
Native extension for WindowsStandalone target not found
Refreshing native plugins compatible for Editor in 0.67 ms, found 2 plugins.
Preloading 0 native plugins for Editor in 0.00 ms.
Mono: successfully reloaded assembly
- Completed reload, in  0.975 seconds
Domain Reload Profiling:
	ReloadAssembly (976ms)
		BeginReloadAssembly (90ms)
			ExecutionOrderSort (0ms)
			DisableScriptedObjects (5ms)
			BackupInstance (0ms)
			ReleaseScriptingObjects (0ms)
			CreateAndSetChildDomain (15ms)
		EndReloadAssembly (787ms)
			LoadAssemblies (61ms)
			RebuildTransferFunctionScriptingTraits (0ms)
			SetupTypeCache (166ms)
			ReleaseScriptCaches (0ms)
			RebuildScriptCaches (38ms)
			SetupLoadedEditorAssemblies (487ms)
				LogAssemblyErrors (0ms)
				InitializePlatformSupportModulesInManaged (5ms)
				SetLoadedEditorAssemblies (0ms)
				RefreshPlugins (1ms)
				BeforeProcessingInitializeOnLoad (69ms)
				ProcessInitializeOnLoadAttributes (310ms)
				ProcessInitializeOnLoadMethodAttributes (92ms)
				AfterProcessingInitializeOnLoad (9ms)
				EditorAssembliesLoaded (0ms)
			ExecutionOrderSort2 (0ms)
			AwakeInstancesAfterBackupRestoration (5ms)
Platform modules already initialized, skipping
========================================================================
Worker process is ready to serve import requests
Launched and connected shader compiler UnityShaderCompiler.exe after 0.03 seconds
Refreshing native plugins compatible for Editor in 0.52 ms, found 2 plugins.
Preloading 0 native plugins for Editor in 0.00 ms.
Unloading 2466 Unused Serialized files (Serialized files now loaded: 0)
Unloading 62 unused Assets / (152.0 KB). Loaded Objects now: 2899.
Memory consumption went from 95.0 MB to 94.9 MB.
Total: 5.527100 ms (FindLiveObjects: 0.138900 ms CreateObjectMapping: 0.078800 ms MarkObjects: 5.132400 ms  DeleteObjects: 0.176300 ms)

AssetImportParameters requested are different than current active one (requested -> active):
  custom:video-decoder-ogg-theora: a1e56fd34408186e4bbccfd4996cb3dc -> 
  custom:container-muxer-webm: aa71ff27fc2769a1b78a27578f13a17b -> 
  custom:container-demuxer-webm: 4f35f7cbe854078d1ac9338744f61a02 -> 
  custom:video-encoder-webm-vp8: eb34c28f22e8b96e1ab97ce403110664 -> 
  custom:audio-encoder-webm-vorbis: bf7c407c2cedff20999df2af8eb42d56 -> 
  custom:framework-win-MediaFoundation: 216162199b28c13a410421893ffa2e32 -> 
  custom:container-demuxer-ogg: 62fdf1f143b41e24485cea50d1cbac27 -> 
  custom:video-decoder-webm-vp8: 9c59270c3fd7afecdb556c50c9e8de78 -> 
  custom:audio-decoder-ogg-vorbis: bf7c407c2cedff20999df2af8eb42d56 -> 
========================================================================
Received Import Request.
  Time since last request: 498558.858141 seconds.
  path: Assets/Rhythm Game Tutorial/Scenes/Mechanical Clown.unity
  artifactKey: Guid(0529fc88f8dbd0f43ba120347c536c58) Importer(815301076,1909f56bfc062723c751e8b465ee728b)
Start importing Assets/Rhythm Game Tutorial/Scenes/Mechanical Clown.unity using Guid(0529fc88f8dbd0f43ba120347c536c58) Importer(815301076,1909f56bfc062723c751e8b465ee728b)  -> (artifact id: '7e3d18d7c0bbc82ec622787ca5988b1f') in 0.009073 seconds 
========================================================================
Received Prepare
Registering precompiled user dll's ...
Registered in 0.004301 seconds.
Begin MonoManager ReloadAssembly
Native extension for WindowsStandalone target not found
Refreshing native plugins compatible for Editor in 0.85 ms, found 2 plugins.
Preloading 0 native plugins for Editor in 0.00 ms.
Mono: successfully reloaded assembly
- Completed reload, in  1.157 seconds
Domain Reload Profiling:
	ReloadAssembly (1158ms)
		BeginReloadAssembly (120ms)
			ExecutionOrderSort (0ms)
			DisableScriptedObjects (5ms)
			BackupInstance (0ms)
			ReleaseScriptingObjects (0ms)
			CreateAndSetChildDomain (31ms)
		EndReloadAssembly (941ms)
			LoadAssemblies (69ms)
			RebuildTransferFunctionScriptingTraits (0ms)
			SetupTypeCache (181ms)
			ReleaseScriptCaches (1ms)
			RebuildScriptCaches (69ms)
			SetupLoadedEditorAssemblies (559ms)
				LogAssemblyErrors (0ms)
				InitializePlatformSupportModulesInManaged (19ms)
				SetLoadedEditorAssemblies (1ms)
				RefreshPlugins (1ms)
				BeforeProcessingInitializeOnLoad (99ms)
				ProcessInitializeOnLoadAttributes (327ms)
				ProcessInitializeOnLoadMethodAttributes (104ms)
				AfterProcessingInitializeOnLoad (8ms)
				EditorAssembliesLoaded (0ms)
			ExecutionOrderSort2 (0ms)
			AwakeInstancesAfterBackupRestoration (5ms)
Platform modules already initialized, skipping
Refreshing native plugins compatible for Editor in 4.55 ms, found 2 plugins.
Preloading 0 native plugins for Editor in 0.00 ms.
Unloading 2450 Unused Serialized files (Serialized files now loaded: 0)
Unloading 51 unused Assets / (125.8 KB). Loaded Objects now: 2902.
Memory consumption went from 93.6 MB to 93.5 MB.
Total: 4.726400 ms (FindLiveObjects: 0.115200 ms CreateObjectMapping: 0.054500 ms MarkObjects: 4.478300 ms  DeleteObjects: 0.077800 ms)

AssetImportParameters requested are different than current active one (requested -> active):
  custom:video-decoder-ogg-theora: a1e56fd34408186e4bbccfd4996cb3dc -> 
  custom:container-muxer-webm: aa71ff27fc2769a1b78a27578f13a17b -> 
  custom:container-demuxer-webm: 4f35f7cbe854078d1ac9338744f61a02 -> 
  custom:video-encoder-webm-vp8: eb34c28f22e8b96e1ab97ce403110664 -> 
  custom:audio-encoder-webm-vorbis: bf7c407c2cedff20999df2af8eb42d56 -> 
  custom:framework-win-MediaFoundation: 216162199b28c13a410421893ffa2e32 -> 
  custom:container-demuxer-ogg: 62fdf1f143b41e24485cea50d1cbac27 -> 
  custom:video-decoder-webm-vp8: 9c59270c3fd7afecdb556c50c9e8de78 -> 
  custom:audio-decoder-ogg-vorbis: bf7c407c2cedff20999df2af8eb42d56 -> 
========================================================================
Received Import Request.
  Time since last request: 409.855910 seconds.
  path: Assets/Rhythm Game Tutorial/Music/04. 拍手喝采歌合 (TV Edit).mp3
  artifactKey: Guid(4cc4d09cb2d8f6a449f6889ffc5d40b4) Importer(815301076,1909f56bfc062723c751e8b465ee728b)
Start importing Assets/Rhythm Game Tutorial/Music/04. 拍手喝采歌合 (TV Edit).mp3 using Guid(4cc4d09cb2d8f6a449f6889ffc5d40b4) Importer(815301076,1909f56bfc062723c751e8b465ee728b)  -> (artifact id: '25b4e738238e16fa7cfb14d7f20af204') in 0.085899 seconds 
========================================================================
Received Import Request.
  Time since last request: 0.003352 seconds.
  path: Assets/Rhythm Game Tutorial/Music/PastelPalettesMechanical Clown.mp3
  artifactKey: Guid(cd4913d5f7b6d14469dd55061a9e0c07) Importer(815301076,1909f56bfc062723c751e8b465ee728b)
Start importing Assets/Rhythm Game Tutorial/Music/PastelPalettesMechanical Clown.mp3 using Guid(cd4913d5f7b6d14469dd55061a9e0c07) Importer(815301076,1909f56bfc062723c751e8b465ee728b)  -> (artifact id: '54daee188f89ab0ba57226dc341d5b1f') in 0.011067 seconds 
========================================================================
Received Import Request.
  Time since last request: 5.530076 seconds.
  path: Assets/Rhythm Game Tutorial/Music/AlbumArt_{B5020207-474E-4720-6427-E53A23277C00}_Large.jpg
  artifactKey: Guid(fd9d6d6352796c448982622cc7548340) Importer(815301076,1909f56bfc062723c751e8b465ee728b)
Start importing Assets/Rhythm Game Tutorial/Music/AlbumArt_{B5020207-474E-4720-6427-E53A23277C00}_Large.jpg using Guid(fd9d6d6352796c448982622cc7548340) Importer(815301076,1909f56bfc062723c751e8b465ee728b)  -> (artifact id: '427c23c948fe6e774aac725e31577c3b') in 0.024155 seconds 
========================================================================
Received Import Request.
  Time since last request: 0.000013 seconds.
  path: Assets/Rhythm Game Tutorial/Music/AlbumArtSmall.jpg
  artifactKey: Guid(3bc0b4324dc36be4298d6ad7e875e776) Importer(815301076,1909f56bfc062723c751e8b465ee728b)
Start importing Assets/Rhythm Game Tutorial/Music/AlbumArtSmall.jpg using Guid(3bc0b4324dc36be4298d6ad7e875e776) Importer(815301076,1909f56bfc062723c751e8b465ee728b)  -> (artifact id: 'c315217cf691c3e55903ea163111f709') in 0.010712 seconds 
========================================================================
Received Prepare
Registering precompiled user dll's ...
Registered in 0.005357 seconds.
Begin MonoManager ReloadAssembly
Native extension for WindowsStandalone target not found
Refreshing native plugins compatible for Editor in 0.53 ms, found 2 plugins.
Preloading 0 native plugins for Editor in 0.00 ms.
Mono: successfully reloaded assembly
- Completed reload, in  1.074 seconds
Domain Reload Profiling:
	ReloadAssembly (1074ms)
		BeginReloadAssembly (105ms)
			ExecutionOrderSort (0ms)
			DisableScriptedObjects (5ms)
			BackupInstance (0ms)
			ReleaseScriptingObjects (0ms)
			CreateAndSetChildDomain (28ms)
		EndReloadAssembly (874ms)
			LoadAssemblies (64ms)
			RebuildTransferFunctionScriptingTraits (0ms)
			SetupTypeCache (179ms)
			ReleaseScriptCaches (1ms)
			RebuildScriptCaches (43ms)
			SetupLoadedEditorAssemblies (542ms)
				LogAssemblyErrors (0ms)
				InitializePlatformSupportModulesInManaged (13ms)
				SetLoadedEditorAssemblies (0ms)
				RefreshPlugins (1ms)
				BeforeProcessingInitializeOnLoad (76ms)
				ProcessInitializeOnLoadAttributes (338ms)
				ProcessInitializeOnLoadMethodAttributes (105ms)
				AfterProcessingInitializeOnLoad (7ms)
				EditorAssembliesLoaded (0ms)
			ExecutionOrderSort2 (0ms)
			AwakeInstancesAfterBackupRestoration (6ms)
Platform modules already initialized, skipping
Refreshing native plugins compatible for Editor in 5.51 ms, found 2 plugins.
Preloading 0 native plugins for Editor in 0.00 ms.
Unloading 2450 Unused Serialized files (Serialized files now loaded: 0)
Unloading 51 unused Assets / (126.1 KB). Loaded Objects now: 2917.
Memory consumption went from 97.5 MB to 97.4 MB.
Total: 4.825800 ms (FindLiveObjects: 0.121900 ms CreateObjectMapping: 0.051600 ms MarkObjects: 4.561200 ms  DeleteObjects: 0.090100 ms)

AssetImportParameters requested are different than current active one (requested -> active):
  custom:video-decoder-ogg-theora: a1e56fd34408186e4bbccfd4996cb3dc -> 
  custom:container-muxer-webm: aa71ff27fc2769a1b78a27578f13a17b -> 
  custom:container-demuxer-webm: 4f35f7cbe854078d1ac9338744f61a02 -> 
  custom:video-encoder-webm-vp8: eb34c28f22e8b96e1ab97ce403110664 -> 
  custom:audio-encoder-webm-vorbis: bf7c407c2cedff20999df2af8eb42d56 -> 
  custom:framework-win-MediaFoundation: 216162199b28c13a410421893ffa2e32 -> 
  custom:container-demuxer-ogg: 62fdf1f143b41e24485cea50d1cbac27 -> 
  custom:video-decoder-webm-vp8: 9c59270c3fd7afecdb556c50c9e8de78 -> 
  custom:audio-decoder-ogg-vorbis: bf7c407c2cedff20999df2af8eb42d56 -> 
========================================================================
Received Import Request.
  Time since last request: 166.567903 seconds.
  path: Assets/Rhythm Game Tutorial/Scenes/Main Menu.unity
  artifactKey: Guid(8c35d5f1d1524ee429e8176c078f094d) Importer(815301076,1909f56bfc062723c751e8b465ee728b)
Start importing Assets/Rhythm Game Tutorial/Scenes/Main Menu.unity using Guid(8c35d5f1d1524ee429e8176c078f094d) Importer(815301076,1909f56bfc062723c751e8b465ee728b)  -> (artifact id: '1736f1302c68e102132e435e5ff2fe98') in 0.011020 seconds 
========================================================================
Received Import Request.
  Time since last request: 83.768705 seconds.
  path: Assets/Rhythm Game Tutorial/Music
  artifactKey: Guid(7f15671c7f2f9f843bad2c61a436bcc2) Importer(815301076,1909f56bfc062723c751e8b465ee728b)
Start importing Assets/Rhythm Game Tutorial/Music using Guid(7f15671c7f2f9f843bad2c61a436bcc2) Importer(815301076,1909f56bfc062723c751e8b465ee728b)  -> (artifact id: 'c41ad985a790b64f5cae53f849d8ceb4') in 0.007783 seconds 
========================================================================
Received Import Request.
  Time since last request: 5.479664 seconds.
  path: Assets/Rhythm Game Tutorial/FinishedObjects/BeatEffects
  artifactKey: Guid(ba976432d8c6e0740b33a5c9352c4563) Importer(815301076,1909f56bfc062723c751e8b465ee728b)
Start importing Assets/Rhythm Game Tutorial/FinishedObjects/BeatEffects using Guid(ba976432d8c6e0740b33a5c9352c4563) Importer(815301076,1909f56bfc062723c751e8b465ee728b)  -> (artifact id: 'd54713496b94adb29c57f73e3c1ac588') in 0.005756 seconds 
========================================================================
Received Import Request.
  Time since last request: 0.075306 seconds.
  path: Assets/Rhythm Game Tutorial/FinishedObjects/BeatEffects/BAD.png
  artifactKey: Guid(baed566b504fd7e429ceeb3805050d48) Importer(815301076,1909f56bfc062723c751e8b465ee728b)
Start importing Assets/Rhythm Game Tutorial/FinishedObjects/BeatEffects/BAD.png using Guid(baed566b504fd7e429ceeb3805050d48) Importer(815301076,1909f56bfc062723c751e8b465ee728b)  -> (artifact id: '46d640bc894183415738ede3535b438b') in 0.055620 seconds 
========================================================================
Received Import Request.
  Time since last request: 0.000013 seconds.
  path: Assets/Rhythm Game Tutorial/FinishedObjects/BeatEffects/PerfectEffect.prefab
  artifactKey: Guid(044c1572f60cb6f4188fc1a41684751a) Importer(815301076,1909f56bfc062723c751e8b465ee728b)
Start importing Assets/Rhythm Game Tutorial/FinishedObjects/BeatEffects/PerfectEffect.prefab using Guid(044c1572f60cb6f4188fc1a41684751a) Importer(815301076,1909f56bfc062723c751e8b465ee728b)  -> (artifact id: '3db0668cfc2d88c661566f13ca8c0c6a') in 0.119430 seconds 
========================================================================
Received Import Request.
  Time since last request: 0.000020 seconds.
  path: Assets/Rhythm Game Tutorial/FinishedObjects/BeatEffects/HitEffect.prefab
  artifactKey: Guid(aa411928796eaed4d99b0d027a867fbf) Importer(815301076,1909f56bfc062723c751e8b465ee728b)
Start importing Assets/Rhythm Game Tutorial/FinishedObjects/BeatEffects/HitEffect.prefab using Guid(aa411928796eaed4d99b0d027a867fbf) Importer(815301076,1909f56bfc062723c751e8b465ee728b)  -> (artifact id: '1489d684f08998a04c8971616f8c045d') in 0.013794 seconds 
========================================================================
Received Import Request.
  Time since last request: 0.000024 seconds.
  path: Assets/Rhythm Game Tutorial/FinishedObjects/BeatEffects/GOODI.png
  artifactKey: Guid(69a933f1282eec441ac40dd504ea9c98) Importer(815301076,1909f56bfc062723c751e8b465ee728b)
Start importing Assets/Rhythm Game Tutorial/FinishedObjects/BeatEffects/GOODI.png using Guid(69a933f1282eec441ac40dd504ea9c98) Importer(815301076,1909f56bfc062723c751e8b465ee728b)  -> (artifact id: '345b4419efb11e1ad7611a43e9320380') in 0.016920 seconds 
========================================================================
Received Import Request.
  Time since last request: 0.000019 seconds.
  path: Assets/Rhythm Game Tutorial/FinishedObjects/BeatEffects/MissEffect.prefab
  artifactKey: Guid(4302f49ea831e944d96dc15b3ad8cca7) Importer(815301076,1909f56bfc062723c751e8b465ee728b)
Start importing Assets/Rhythm Game Tutorial/FinishedObjects/BeatEffects/MissEffect.prefab using Guid(4302f49ea831e944d96dc15b3ad8cca7) Importer(815301076,1909f56bfc062723c751e8b465ee728b)  -> (artifact id: 'd8bcdaab6596ed5e736f1fa41a57a3de') in 0.012271 seconds 
========================================================================
Received Import Request.
  Time since last request: 0.000016 seconds.
  path: Assets/Rhythm Game Tutorial/FinishedObjects/BeatEffects/New Material.mat
  artifactKey: Guid(cb56a838a5529ec4ea21793d019eb930) Importer(815301076,1909f56bfc062723c751e8b465ee728b)
Start importing Assets/Rhythm Game Tutorial/FinishedObjects/BeatEffects/New Material.mat using Guid(cb56a838a5529ec4ea21793d019eb930) Importer(815301076,1909f56bfc062723c751e8b465ee728b)  -> (artifact id: '37f9253a296256d2ad7fe50d9e72d15a') in 0.211306 seconds 
========================================================================
Received Import Request.
  Time since last request: 0.000014 seconds.
  path: Assets/Rhythm Game Tutorial/FinishedObjects/BeatEffects/MISS.png
  artifactKey: Guid(24cdf536b41884d4cb01991b698201cd) Importer(815301076,1909f56bfc062723c751e8b465ee728b)
Start importing Assets/Rhythm Game Tutorial/FinishedObjects/BeatEffects/MISS.png using Guid(24cdf536b41884d4cb01991b698201cd) Importer(815301076,1909f56bfc062723c751e8b465ee728b)  -> (artifact id: 'c36dd2d674022f1e954b8a6ef6ee8b24') in 0.013552 seconds 
========================================================================
Received Import Request.
  Time since last request: 8.236951 seconds.
  path: Assets/Rhythm Game Tutorial/FinishedObjects/Notes/green beat.prefab
  artifactKey: Guid(6fabe038d86155d4085d811230c5b4dd) Importer(815301076,1909f56bfc062723c751e8b465ee728b)
Start importing Assets/Rhythm Game Tutorial/FinishedObjects/Notes/green beat.prefab using Guid(6fabe038d86155d4085d811230c5b4dd) Importer(815301076,1909f56bfc062723c751e8b465ee728b)  -> (artifact id: '72b51acc1289d5058209d8ba2c91d028') in 0.014898 seconds 
Editor requested this worker to shutdown with reason: Scaling down because of idle timeout
AssetImportWorker is now disconnected from the server
Process exiting
Exiting without the bug reporter. Application will terminate with return code 0