Using pre-set license
Built from '2021.3/release' branch; Version is '2021.3.17f1 (3e8111cac19d) revision 4096273'; Using compiler version '192829333'; Build Type 'Release'
OS: 'Windows 10  (10.0.19044) 64bit Professional' Language: 'nl' Physical Memory: 16221 MB
BatchMode: 1, IsHumanControllingUs: 0, StartBugReporterOnCrash: 0, Is64bit: 1, IsPro: 1

COMMAND LINE ARGUMENTS:
C:\Program Files\Unity\Hub\Editor\2021.3.17f1\Editor\Unity.exe
-adb2
-batchMode
-noUpm
-name
AssetImportWorker2
-projectPath
C:/Users/Mohez/Documents/GitHub/unity-Mohez_Joris/2D rhythm/Pastel Beats
-logFile
Logs/AssetImportWorker2.log
-srvPort
52338
Successfully changed project path to: C:/Users/Mohez/Documents/GitHub/unity-Mohez_Joris/2D rhythm/Pastel Beats
C:/Users/Mohez/Documents/GitHub/unity-Mohez_Joris/2D rhythm/Pastel Beats
[UnityMemory] Configuration Parameters - Can be set up in boot.config
    "memorysetup-bucket-allocator-granularity=16"
    "memorysetup-bucket-allocator-bucket-count=8"
    "memorysetup-bucket-allocator-block-size=33554432"
    "memorysetup-bucket-allocator-block-count=8"
    "memorysetup-main-allocator-block-size=16777216"
    "memorysetup-thread-allocator-block-size=16777216"
    "memorysetup-gfx-main-allocator-block-size=16777216"
    "memorysetup-gfx-thread-allocator-block-size=16777216"
    "memorysetup-cache-allocator-block-size=4194304"
    "memorysetup-typetree-allocator-block-size=2097152"
    "memorysetup-profiler-bucket-allocator-granularity=16"
    "memorysetup-profiler-bucket-allocator-bucket-count=8"
    "memorysetup-profiler-bucket-allocator-block-size=33554432"
    "memorysetup-profiler-bucket-allocator-block-count=8"
    "memorysetup-profiler-allocator-block-size=16777216"
    "memorysetup-profiler-editor-allocator-block-size=1048576"
    "memorysetup-temp-allocator-size-main=16777216"
    "memorysetup-job-temp-allocator-block-size=2097152"
    "memorysetup-job-temp-allocator-block-size-background=1048576"
    "memorysetup-job-temp-allocator-reduction-small-platforms=262144"
    "memorysetup-temp-allocator-size-background-worker=32768"
    "memorysetup-temp-allocator-size-job-worker=262144"
    "memorysetup-temp-allocator-size-preload-manager=33554432"
    "memorysetup-temp-allocator-size-nav-mesh-worker=65536"
    "memorysetup-temp-allocator-size-audio-worker=65536"
    "memorysetup-temp-allocator-size-cloud-worker=32768"
    "memorysetup-temp-allocator-size-gi-baking-worker=262144"
    "memorysetup-temp-allocator-size-gfx=262144"
Player connection [36180] Host "[IP] 192.168.2.19 [Port] 0 [Flags] 2 [Guid] 1423669190 [EditorId] 1423669190 [Version] 1048832 [Id] WindowsEditor(7,DESKTOP-GVUFRHV) [Debug] 1 [PackageName] WindowsEditor [ProjectName] Editor" joined multi-casting on [225.0.0.222:54997]...

Player connection [36180] Host "[IP] 192.168.2.19 [Port] 0 [Flags] 2 [Guid] 1423669190 [EditorId] 1423669190 [Version] 1048832 [Id] WindowsEditor(7,DESKTOP-GVUFRHV) [Debug] 1 [PackageName] WindowsEditor [ProjectName] Editor" joined alternative multi-casting on [225.0.0.222:34997]...

Refreshing native plugins compatible for Editor in 66.33 ms, found 2 plugins.
Preloading 0 native plugins for Editor in 0.00 ms.
Initialize engine version: 2021.3.17f1 (3e8111cac19d)
[Subsystems] Discovering subsystems at path C:/Program Files/Unity/Hub/Editor/2021.3.17f1/Editor/Data/Resources/UnitySubsystems
[Subsystems] Discovering subsystems at path C:/Users/Mohez/Documents/GitHub/unity-Mohez_Joris/2D rhythm/Pastel Beats/Assets
GfxDevice: creating device client; threaded=0; jobified=0
Direct3D:
    Version:  Direct3D 11.0 [level 11.1]
    Renderer: NVIDIA GeForce RTX 3060 Ti (ID=0x2489)
    Vendor:   NVIDIA
    VRAM:     8038 MB
    Driver:   31.0.15.2802
Initialize mono
Mono path[0] = 'C:/Program Files/Unity/Hub/Editor/2021.3.17f1/Editor/Data/Managed'
Mono path[1] = 'C:/Program Files/Unity/Hub/Editor/2021.3.17f1/Editor/Data/MonoBleedingEdge/lib/mono/unityjit-win32'
Mono config path = 'C:/Program Files/Unity/Hub/Editor/2021.3.17f1/Editor/Data/MonoBleedingEdge/etc'
Using monoOptions --debugger-agent=transport=dt_socket,embedding=1,server=y,suspend=n,address=127.0.0.1:56148
Begin MonoManager ReloadAssembly
Registering precompiled unity dll's ...
Register platform support module: C:/Program Files/Unity/Hub/Editor/2021.3.17f1/Editor/Data/PlaybackEngines/WindowsStandaloneSupport/UnityEditor.WindowsStandalone.Extensions.dll
Registered in 0.006326 seconds.
Native extension for WindowsStandalone target not found
Refreshing native plugins compatible for Editor in 40.61 ms, found 2 plugins.
Preloading 0 native plugins for Editor in 0.00 ms.
Mono: successfully reloaded assembly
- Completed reload, in  0.526 seconds
Domain Reload Profiling:
	ReloadAssembly (527ms)
		BeginReloadAssembly (57ms)
			ExecutionOrderSort (0ms)
			DisableScriptedObjects (0ms)
			BackupInstance (0ms)
			ReleaseScriptingObjects (0ms)
			CreateAndSetChildDomain (1ms)
		EndReloadAssembly (376ms)
			LoadAssemblies (56ms)
			RebuildTransferFunctionScriptingTraits (0ms)
			SetupTypeCache (99ms)
			ReleaseScriptCaches (0ms)
			RebuildScriptCaches (21ms)
			SetupLoadedEditorAssemblies (212ms)
				LogAssemblyErrors (0ms)
				InitializePlatformSupportModulesInManaged (7ms)
				SetLoadedEditorAssemblies (0ms)
				RefreshPlugins (41ms)
				BeforeProcessingInitializeOnLoad (1ms)
				ProcessInitializeOnLoadAttributes (122ms)
				ProcessInitializeOnLoadMethodAttributes (41ms)
				AfterProcessingInitializeOnLoad (0ms)
				EditorAssembliesLoaded (0ms)
			ExecutionOrderSort2 (0ms)
			AwakeInstancesAfterBackupRestoration (0ms)
Platform modules already initialized, skipping
Registering precompiled user dll's ...
Registered in 0.003941 seconds.
Begin MonoManager ReloadAssembly
Native extension for WindowsStandalone target not found
Refreshing native plugins compatible for Editor in 0.52 ms, found 2 plugins.
Preloading 0 native plugins for Editor in 0.00 ms.
Mono: successfully reloaded assembly
- Completed reload, in  0.870 seconds
Domain Reload Profiling:
	ReloadAssembly (871ms)
		BeginReloadAssembly (83ms)
			ExecutionOrderSort (0ms)
			DisableScriptedObjects (5ms)
			BackupInstance (0ms)
			ReleaseScriptingObjects (0ms)
			CreateAndSetChildDomain (13ms)
		EndReloadAssembly (701ms)
			LoadAssemblies (62ms)
			RebuildTransferFunctionScriptingTraits (0ms)
			SetupTypeCache (147ms)
			ReleaseScriptCaches (0ms)
			RebuildScriptCaches (37ms)
			SetupLoadedEditorAssemblies (430ms)
				LogAssemblyErrors (0ms)
				InitializePlatformSupportModulesInManaged (5ms)
				SetLoadedEditorAssemblies (0ms)
				RefreshPlugins (1ms)
				BeforeProcessingInitializeOnLoad (56ms)
				ProcessInitializeOnLoadAttributes (280ms)
				ProcessInitializeOnLoadMethodAttributes (82ms)
				AfterProcessingInitializeOnLoad (6ms)
				EditorAssembliesLoaded (0ms)
			ExecutionOrderSort2 (0ms)
			AwakeInstancesAfterBackupRestoration (4ms)
Platform modules already initialized, skipping
========================================================================
Worker process is ready to serve import requests
Launched and connected shader compiler UnityShaderCompiler.exe after 0.03 seconds
Refreshing native plugins compatible for Editor in 0.80 ms, found 2 plugins.
Preloading 0 native plugins for Editor in 0.00 ms.
Unloading 2466 Unused Serialized files (Serialized files now loaded: 0)
Unloading 62 unused Assets / (152.0 KB). Loaded Objects now: 2903.
Memory consumption went from 95.4 MB to 95.3 MB.
Total: 7.539000 ms (FindLiveObjects: 0.143000 ms CreateObjectMapping: 0.066600 ms MarkObjects: 7.216700 ms  DeleteObjects: 0.111900 ms)

AssetImportParameters requested are different than current active one (requested -> active):
  custom:video-decoder-ogg-theora: a1e56fd34408186e4bbccfd4996cb3dc -> 
  custom:container-muxer-webm: aa71ff27fc2769a1b78a27578f13a17b -> 
  custom:container-demuxer-webm: 4f35f7cbe854078d1ac9338744f61a02 -> 
  custom:video-encoder-webm-vp8: eb34c28f22e8b96e1ab97ce403110664 -> 
  custom:audio-encoder-webm-vorbis: bf7c407c2cedff20999df2af8eb42d56 -> 
  custom:framework-win-MediaFoundation: 216162199b28c13a410421893ffa2e32 -> 
  custom:container-demuxer-ogg: 62fdf1f143b41e24485cea50d1cbac27 -> 
  custom:video-decoder-webm-vp8: 9c59270c3fd7afecdb556c50c9e8de78 -> 
  custom:audio-decoder-ogg-vorbis: bf7c407c2cedff20999df2af8eb42d56 -> 
========================================================================
Received Import Request.
  Time since last request: 499239.029006 seconds.
  path: Assets/Rhythm Game Tutorial/FinishedObjects/Notes/blue beat.prefab
  artifactKey: Guid(115b9d8182a5b284d9b58fa2c43c25aa) Importer(815301076,1909f56bfc062723c751e8b465ee728b)
Start importing Assets/Rhythm Game Tutorial/FinishedObjects/Notes/blue beat.prefab using Guid(115b9d8182a5b284d9b58fa2c43c25aa) Importer(815301076,1909f56bfc062723c751e8b465ee728b)  -> (artifact id: 'f8ab7541d93003f46a4d799dc54d550f') in 0.092733 seconds 
========================================================================
Received Import Request.
  Time since last request: 32.643436 seconds.
  path: Assets/Rhythm Game Tutorial/Scenes/Katanagatari.unity
  artifactKey: Guid(28844bdefd99b85458889d263792e308) Importer(815301076,1909f56bfc062723c751e8b465ee728b)
Start importing Assets/Rhythm Game Tutorial/Scenes/Katanagatari.unity using Guid(28844bdefd99b85458889d263792e308) Importer(815301076,1909f56bfc062723c751e8b465ee728b)  -> (artifact id: '1d3d29ed01edce16d74b4185c1b52834') in 0.007522 seconds 
========================================================================
Received Prepare
Registering precompiled user dll's ...
Registered in 0.004451 seconds.
Begin MonoManager ReloadAssembly
Native extension for WindowsStandalone target not found
Refreshing native plugins compatible for Editor in 0.53 ms, found 2 plugins.
Preloading 0 native plugins for Editor in 0.00 ms.
Mono: successfully reloaded assembly
- Completed reload, in  1.058 seconds
Domain Reload Profiling:
	ReloadAssembly (1058ms)
		BeginReloadAssembly (111ms)
			ExecutionOrderSort (0ms)
			DisableScriptedObjects (4ms)
			BackupInstance (0ms)
			ReleaseScriptingObjects (0ms)
			CreateAndSetChildDomain (29ms)
		EndReloadAssembly (858ms)
			LoadAssemblies (69ms)
			RebuildTransferFunctionScriptingTraits (0ms)
			SetupTypeCache (172ms)
			ReleaseScriptCaches (1ms)
			RebuildScriptCaches (47ms)
			SetupLoadedEditorAssemblies (534ms)
				LogAssemblyErrors (0ms)
				InitializePlatformSupportModulesInManaged (10ms)
				SetLoadedEditorAssemblies (0ms)
				RefreshPlugins (1ms)
				BeforeProcessingInitializeOnLoad (74ms)
				ProcessInitializeOnLoadAttributes (336ms)
				ProcessInitializeOnLoadMethodAttributes (105ms)
				AfterProcessingInitializeOnLoad (8ms)
				EditorAssembliesLoaded (0ms)
			ExecutionOrderSort2 (0ms)
			AwakeInstancesAfterBackupRestoration (6ms)
Platform modules already initialized, skipping
Refreshing native plugins compatible for Editor in 4.19 ms, found 2 plugins.
Preloading 0 native plugins for Editor in 0.00 ms.
Unloading 2450 Unused Serialized files (Serialized files now loaded: 0)
Unloading 53 unused Assets / (126.5 KB). Loaded Objects now: 2914.
Memory consumption went from 97.9 MB to 97.8 MB.
Total: 4.807300 ms (FindLiveObjects: 0.164600 ms CreateObjectMapping: 0.096200 ms MarkObjects: 4.447100 ms  DeleteObjects: 0.098300 ms)

AssetImportParameters requested are different than current active one (requested -> active):
  custom:video-decoder-ogg-theora: a1e56fd34408186e4bbccfd4996cb3dc -> 
  custom:container-muxer-webm: aa71ff27fc2769a1b78a27578f13a17b -> 
  custom:container-demuxer-webm: 4f35f7cbe854078d1ac9338744f61a02 -> 
  custom:video-encoder-webm-vp8: eb34c28f22e8b96e1ab97ce403110664 -> 
  custom:audio-encoder-webm-vorbis: bf7c407c2cedff20999df2af8eb42d56 -> 
  custom:framework-win-MediaFoundation: 216162199b28c13a410421893ffa2e32 -> 
  custom:container-demuxer-ogg: 62fdf1f143b41e24485cea50d1cbac27 -> 
  custom:video-decoder-webm-vp8: 9c59270c3fd7afecdb556c50c9e8de78 -> 
  custom:audio-decoder-ogg-vorbis: bf7c407c2cedff20999df2af8eb42d56 -> 
========================================================================
Received Import Request.
  Time since last request: 42.567280 seconds.
  path: Assets/Rhythm Game Tutorial/Scenes/Start.unity
  artifactKey: Guid(a7efac3f0da73e7439004acd29203987) Importer(815301076,1909f56bfc062723c751e8b465ee728b)
Start importing Assets/Rhythm Game Tutorial/Scenes/Start.unity using Guid(a7efac3f0da73e7439004acd29203987) Importer(815301076,1909f56bfc062723c751e8b465ee728b)  -> (artifact id: '3f5720e97a89289d6aba99ef2fdbe7a4') in 0.009841 seconds 
========================================================================
Received Prepare
Registering precompiled user dll's ...
Registered in 0.003699 seconds.
Begin MonoManager ReloadAssembly
Native extension for WindowsStandalone target not found
Refreshing native plugins compatible for Editor in 0.58 ms, found 2 plugins.
Preloading 0 native plugins for Editor in 0.00 ms.
Mono: successfully reloaded assembly
- Completed reload, in  1.065 seconds
Domain Reload Profiling:
	ReloadAssembly (1066ms)
		BeginReloadAssembly (117ms)
			ExecutionOrderSort (0ms)
			DisableScriptedObjects (5ms)
			BackupInstance (0ms)
			ReleaseScriptingObjects (0ms)
			CreateAndSetChildDomain (27ms)
		EndReloadAssembly (844ms)
			LoadAssemblies (79ms)
			RebuildTransferFunctionScriptingTraits (0ms)
			SetupTypeCache (172ms)
			ReleaseScriptCaches (1ms)
			RebuildScriptCaches (42ms)
			SetupLoadedEditorAssemblies (520ms)
				LogAssemblyErrors (0ms)
				InitializePlatformSupportModulesInManaged (12ms)
				SetLoadedEditorAssemblies (0ms)
				RefreshPlugins (1ms)
				BeforeProcessingInitializeOnLoad (70ms)
				ProcessInitializeOnLoadAttributes (324ms)
				ProcessInitializeOnLoadMethodAttributes (104ms)
				AfterProcessingInitializeOnLoad (8ms)
				EditorAssembliesLoaded (0ms)
			ExecutionOrderSort2 (0ms)
			AwakeInstancesAfterBackupRestoration (6ms)
Platform modules already initialized, skipping
Refreshing native plugins compatible for Editor in 4.27 ms, found 2 plugins.
Preloading 0 native plugins for Editor in 0.00 ms.
Unloading 2450 Unused Serialized files (Serialized files now loaded: 0)
Unloading 51 unused Assets / (125.6 KB). Loaded Objects now: 2917.
Memory consumption went from 97.9 MB to 97.8 MB.
Total: 4.630600 ms (FindLiveObjects: 0.118600 ms CreateObjectMapping: 0.053900 ms MarkObjects: 4.383100 ms  DeleteObjects: 0.074200 ms)

AssetImportParameters requested are different than current active one (requested -> active):
  custom:video-decoder-ogg-theora: a1e56fd34408186e4bbccfd4996cb3dc -> 
  custom:container-muxer-webm: aa71ff27fc2769a1b78a27578f13a17b -> 
  custom:container-demuxer-webm: 4f35f7cbe854078d1ac9338744f61a02 -> 
  custom:video-encoder-webm-vp8: eb34c28f22e8b96e1ab97ce403110664 -> 
  custom:audio-encoder-webm-vorbis: bf7c407c2cedff20999df2af8eb42d56 -> 
  custom:framework-win-MediaFoundation: 216162199b28c13a410421893ffa2e32 -> 
  custom:container-demuxer-ogg: 62fdf1f143b41e24485cea50d1cbac27 -> 
  custom:video-decoder-webm-vp8: 9c59270c3fd7afecdb556c50c9e8de78 -> 
  custom:audio-decoder-ogg-vorbis: bf7c407c2cedff20999df2af8eb42d56 -> 
========================================================================
Received Import Request.
  Time since last request: 13.458569 seconds.
  path: Assets/Rhythm Game Tutorial/Scenes/Main Menu.unity
  artifactKey: Guid(8c35d5f1d1524ee429e8176c078f094d) Importer(815301076,1909f56bfc062723c751e8b465ee728b)
Start importing Assets/Rhythm Game Tutorial/Scenes/Main Menu.unity using Guid(8c35d5f1d1524ee429e8176c078f094d) Importer(815301076,1909f56bfc062723c751e8b465ee728b)  -> (artifact id: 'fc7f070aa3d77ce57db907e56464f963') in 0.005437 seconds 
========================================================================
Received Prepare
Registering precompiled user dll's ...
Registered in 0.003846 seconds.
Begin MonoManager ReloadAssembly
Native extension for WindowsStandalone target not found
Refreshing native plugins compatible for Editor in 0.89 ms, found 2 plugins.
Preloading 0 native plugins for Editor in 0.00 ms.
Mono: successfully reloaded assembly
- Completed reload, in  1.084 seconds
Domain Reload Profiling:
	ReloadAssembly (1085ms)
		BeginReloadAssembly (106ms)
			ExecutionOrderSort (0ms)
			DisableScriptedObjects (5ms)
			BackupInstance (0ms)
			ReleaseScriptingObjects (0ms)
			CreateAndSetChildDomain (27ms)
		EndReloadAssembly (876ms)
			LoadAssemblies (69ms)
			RebuildTransferFunctionScriptingTraits (0ms)
			SetupTypeCache (176ms)
			ReleaseScriptCaches (2ms)
			RebuildScriptCaches (44ms)
			SetupLoadedEditorAssemblies (541ms)
				LogAssemblyErrors (0ms)
				InitializePlatformSupportModulesInManaged (12ms)
				SetLoadedEditorAssemblies (0ms)
				RefreshPlugins (1ms)
				BeforeProcessingInitializeOnLoad (71ms)
				ProcessInitializeOnLoadAttributes (341ms)
				ProcessInitializeOnLoadMethodAttributes (107ms)
				AfterProcessingInitializeOnLoad (9ms)
				EditorAssembliesLoaded (0ms)
			ExecutionOrderSort2 (0ms)
			AwakeInstancesAfterBackupRestoration (6ms)
Platform modules already initialized, skipping
Refreshing native plugins compatible for Editor in 5.90 ms, found 2 plugins.
Preloading 0 native plugins for Editor in 0.00 ms.
Unloading 2450 Unused Serialized files (Serialized files now loaded: 0)
Unloading 51 unused Assets / (125.7 KB). Loaded Objects now: 2920.
Memory consumption went from 97.9 MB to 97.8 MB.
Total: 4.805300 ms (FindLiveObjects: 0.134800 ms CreateObjectMapping: 0.062500 ms MarkObjects: 4.523800 ms  DeleteObjects: 0.083300 ms)

AssetImportParameters requested are different than current active one (requested -> active):
  custom:video-decoder-ogg-theora: a1e56fd34408186e4bbccfd4996cb3dc -> 
  custom:container-muxer-webm: aa71ff27fc2769a1b78a27578f13a17b -> 
  custom:container-demuxer-webm: 4f35f7cbe854078d1ac9338744f61a02 -> 
  custom:video-encoder-webm-vp8: eb34c28f22e8b96e1ab97ce403110664 -> 
  custom:audio-encoder-webm-vorbis: bf7c407c2cedff20999df2af8eb42d56 -> 
  custom:framework-win-MediaFoundation: 216162199b28c13a410421893ffa2e32 -> 
  custom:container-demuxer-ogg: 62fdf1f143b41e24485cea50d1cbac27 -> 
  custom:video-decoder-webm-vp8: 9c59270c3fd7afecdb556c50c9e8de78 -> 
  custom:audio-decoder-ogg-vorbis: bf7c407c2cedff20999df2af8eb42d56 -> 
========================================================================
Received Prepare
Registering precompiled user dll's ...
Registered in 0.003694 seconds.
Begin MonoManager ReloadAssembly
Native extension for WindowsStandalone target not found
Refreshing native plugins compatible for Editor in 0.50 ms, found 2 plugins.
Preloading 0 native plugins for Editor in 0.00 ms.
Mono: successfully reloaded assembly
- Completed reload, in  1.067 seconds
Domain Reload Profiling:
	ReloadAssembly (1067ms)
		BeginReloadAssembly (100ms)
			ExecutionOrderSort (0ms)
			DisableScriptedObjects (5ms)
			BackupInstance (0ms)
			ReleaseScriptingObjects (0ms)
			CreateAndSetChildDomain (24ms)
		EndReloadAssembly (879ms)
			LoadAssemblies (65ms)
			RebuildTransferFunctionScriptingTraits (0ms)
			SetupTypeCache (166ms)
			ReleaseScriptCaches (1ms)
			RebuildScriptCaches (51ms)
			SetupLoadedEditorAssemblies (537ms)
				LogAssemblyErrors (0ms)
				InitializePlatformSupportModulesInManaged (12ms)
				SetLoadedEditorAssemblies (0ms)
				RefreshPlugins (1ms)
				BeforeProcessingInitializeOnLoad (72ms)
				ProcessInitializeOnLoadAttributes (329ms)
				ProcessInitializeOnLoadMethodAttributes (114ms)
				AfterProcessingInitializeOnLoad (9ms)
				EditorAssembliesLoaded (0ms)
			ExecutionOrderSort2 (0ms)
			AwakeInstancesAfterBackupRestoration (6ms)
Platform modules already initialized, skipping
Refreshing native plugins compatible for Editor in 4.46 ms, found 2 plugins.
Preloading 0 native plugins for Editor in 0.00 ms.
Unloading 2450 Unused Serialized files (Serialized files now loaded: 0)
Unloading 51 unused Assets / (125.7 KB). Loaded Objects now: 2923.
Memory consumption went from 97.9 MB to 97.8 MB.
Total: 5.608700 ms (FindLiveObjects: 0.136700 ms CreateObjectMapping: 0.072200 ms MarkObjects: 5.306400 ms  DeleteObjects: 0.092400 ms)

AssetImportParameters requested are different than current active one (requested -> active):
  custom:video-decoder-ogg-theora: a1e56fd34408186e4bbccfd4996cb3dc -> 
  custom:container-muxer-webm: aa71ff27fc2769a1b78a27578f13a17b -> 
  custom:container-demuxer-webm: 4f35f7cbe854078d1ac9338744f61a02 -> 
  custom:video-encoder-webm-vp8: eb34c28f22e8b96e1ab97ce403110664 -> 
  custom:audio-encoder-webm-vorbis: bf7c407c2cedff20999df2af8eb42d56 -> 
  custom:framework-win-MediaFoundation: 216162199b28c13a410421893ffa2e32 -> 
  custom:container-demuxer-ogg: 62fdf1f143b41e24485cea50d1cbac27 -> 
  custom:video-decoder-webm-vp8: 9c59270c3fd7afecdb556c50c9e8de78 -> 
  custom:audio-decoder-ogg-vorbis: bf7c407c2cedff20999df2af8eb42d56 -> 
========================================================================
Received Import Request.
  Time since last request: 74.801108 seconds.
  path: Assets/Rhythm Game Tutorial/Scenes/Song Selection.unity
  artifactKey: Guid(563575f8d20deb541911ae60282215e6) Importer(815301076,1909f56bfc062723c751e8b465ee728b)
Start importing Assets/Rhythm Game Tutorial/Scenes/Song Selection.unity using Guid(563575f8d20deb541911ae60282215e6) Importer(815301076,1909f56bfc062723c751e8b465ee728b)  -> (artifact id: '7285ef75b2c95eed5308edde014173ed') in 0.009654 seconds 
========================================================================
Received Import Request.
  Time since last request: 74.822514 seconds.
  path: Assets/Scripts/buttonScript.cs
  artifactKey: Guid(e61f6a070e819044098632b43cf668a8) Importer(815301076,1909f56bfc062723c751e8b465ee728b)
Start importing Assets/Scripts/buttonScript.cs using Guid(e61f6a070e819044098632b43cf668a8) Importer(815301076,1909f56bfc062723c751e8b465ee728b)  -> (artifact id: '39668b97f4e20bd7f6b52c1bab292c97') in 0.018570 seconds 
========================================================================
Received Import Request.
  Time since last request: 28.560575 seconds.
  path: Assets/Rhythm Game Tutorial/Scenes/Instructions.unity
  artifactKey: Guid(2766f54d38b33fd47847a85ece2ec5c5) Importer(815301076,1909f56bfc062723c751e8b465ee728b)
Start importing Assets/Rhythm Game Tutorial/Scenes/Instructions.unity using Guid(2766f54d38b33fd47847a85ece2ec5c5) Importer(815301076,1909f56bfc062723c751e8b465ee728b)  -> (artifact id: 'e86458e69acb966a2082cf345e30b3e9') in 0.006645 seconds 
========================================================================
Received Prepare
Registering precompiled user dll's ...
Registered in 0.004688 seconds.
Begin MonoManager ReloadAssembly
Native extension for WindowsStandalone target not found
Refreshing native plugins compatible for Editor in 0.57 ms, found 2 plugins.
Preloading 0 native plugins for Editor in 0.00 ms.
Mono: successfully reloaded assembly
- Completed reload, in  1.074 seconds
Domain Reload Profiling:
	ReloadAssembly (1075ms)
		BeginReloadAssembly (115ms)
			ExecutionOrderSort (0ms)
			DisableScriptedObjects (5ms)
			BackupInstance (0ms)
			ReleaseScriptingObjects (0ms)
			CreateAndSetChildDomain (28ms)
		EndReloadAssembly (868ms)
			LoadAssemblies (71ms)
			RebuildTransferFunctionScriptingTraits (0ms)
			SetupTypeCache (170ms)
			ReleaseScriptCaches (2ms)
			RebuildScriptCaches (46ms)
			SetupLoadedEditorAssemblies (541ms)
				LogAssemblyErrors (0ms)
				InitializePlatformSupportModulesInManaged (12ms)
				SetLoadedEditorAssemblies (0ms)
				RefreshPlugins (1ms)
				BeforeProcessingInitializeOnLoad (73ms)
				ProcessInitializeOnLoadAttributes (335ms)
				ProcessInitializeOnLoadMethodAttributes (111ms)
				AfterProcessingInitializeOnLoad (9ms)
				EditorAssembliesLoaded (0ms)
			ExecutionOrderSort2 (0ms)
			AwakeInstancesAfterBackupRestoration (6ms)
Platform modules already initialized, skipping
Refreshing native plugins compatible for Editor in 4.79 ms, found 2 plugins.
Preloading 0 native plugins for Editor in 0.00 ms.
Unloading 2450 Unused Serialized files (Serialized files now loaded: 0)
Unloading 51 unused Assets / (125.7 KB). Loaded Objects now: 2926.
Memory consumption went from 97.8 MB to 97.7 MB.
Total: 4.537000 ms (FindLiveObjects: 0.119900 ms CreateObjectMapping: 0.055600 ms MarkObjects: 4.271200 ms  DeleteObjects: 0.089400 ms)

AssetImportParameters requested are different than current active one (requested -> active):
  custom:video-decoder-ogg-theora: a1e56fd34408186e4bbccfd4996cb3dc -> 
  custom:container-muxer-webm: aa71ff27fc2769a1b78a27578f13a17b -> 
  custom:container-demuxer-webm: 4f35f7cbe854078d1ac9338744f61a02 -> 
  custom:video-encoder-webm-vp8: eb34c28f22e8b96e1ab97ce403110664 -> 
  custom:audio-encoder-webm-vorbis: bf7c407c2cedff20999df2af8eb42d56 -> 
  custom:framework-win-MediaFoundation: 216162199b28c13a410421893ffa2e32 -> 
  custom:container-demuxer-ogg: 62fdf1f143b41e24485cea50d1cbac27 -> 
  custom:video-decoder-webm-vp8: 9c59270c3fd7afecdb556c50c9e8de78 -> 
  custom:audio-decoder-ogg-vorbis: bf7c407c2cedff20999df2af8eb42d56 -> 
========================================================================
Received Prepare
Registering precompiled user dll's ...
Registered in 0.004193 seconds.
Begin MonoManager ReloadAssembly
Native extension for WindowsStandalone target not found
Refreshing native plugins compatible for Editor in 0.56 ms, found 2 plugins.
Preloading 0 native plugins for Editor in 0.00 ms.
Mono: successfully reloaded assembly
- Completed reload, in  1.030 seconds
Domain Reload Profiling:
	ReloadAssembly (1031ms)
		BeginReloadAssembly (116ms)
			ExecutionOrderSort (0ms)
			DisableScriptedObjects (6ms)
			BackupInstance (0ms)
			ReleaseScriptingObjects (0ms)
			CreateAndSetChildDomain (30ms)
		EndReloadAssembly (819ms)
			LoadAssemblies (72ms)
			RebuildTransferFunctionScriptingTraits (0ms)
			SetupTypeCache (160ms)
			ReleaseScriptCaches (2ms)
			RebuildScriptCaches (44ms)
			SetupLoadedEditorAssemblies (513ms)
				LogAssemblyErrors (0ms)
				InitializePlatformSupportModulesInManaged (13ms)
				SetLoadedEditorAssemblies (0ms)
				RefreshPlugins (1ms)
				BeforeProcessingInitializeOnLoad (69ms)
				ProcessInitializeOnLoadAttributes (323ms)
				ProcessInitializeOnLoadMethodAttributes (99ms)
				AfterProcessingInitializeOnLoad (8ms)
				EditorAssembliesLoaded (0ms)
			ExecutionOrderSort2 (0ms)
			AwakeInstancesAfterBackupRestoration (5ms)
Platform modules already initialized, skipping
Refreshing native plugins compatible for Editor in 4.19 ms, found 2 plugins.
Preloading 0 native plugins for Editor in 0.00 ms.
Unloading 2450 Unused Serialized files (Serialized files now loaded: 0)
Unloading 51 unused Assets / (125.7 KB). Loaded Objects now: 2929.
Memory consumption went from 98.0 MB to 97.8 MB.
Total: 4.559200 ms (FindLiveObjects: 0.134100 ms CreateObjectMapping: 0.069100 ms MarkObjects: 4.267300 ms  DeleteObjects: 0.087800 ms)

AssetImportParameters requested are different than current active one (requested -> active):
  custom:video-decoder-ogg-theora: a1e56fd34408186e4bbccfd4996cb3dc -> 
  custom:container-muxer-webm: aa71ff27fc2769a1b78a27578f13a17b -> 
  custom:container-demuxer-webm: 4f35f7cbe854078d1ac9338744f61a02 -> 
  custom:video-encoder-webm-vp8: eb34c28f22e8b96e1ab97ce403110664 -> 
  custom:audio-encoder-webm-vorbis: bf7c407c2cedff20999df2af8eb42d56 -> 
  custom:framework-win-MediaFoundation: 216162199b28c13a410421893ffa2e32 -> 
  custom:container-demuxer-ogg: 62fdf1f143b41e24485cea50d1cbac27 -> 
  custom:video-decoder-webm-vp8: 9c59270c3fd7afecdb556c50c9e8de78 -> 
  custom:audio-decoder-ogg-vorbis: bf7c407c2cedff20999df2af8eb42d56 -> 
========================================================================
Received Prepare
Registering precompiled user dll's ...
Registered in 0.003687 seconds.
Begin MonoManager ReloadAssembly
Native extension for WindowsStandalone target not found
Refreshing native plugins compatible for Editor in 0.52 ms, found 2 plugins.
Preloading 0 native plugins for Editor in 0.00 ms.
Mono: successfully reloaded assembly
- Completed reload, in  1.037 seconds
Domain Reload Profiling:
	ReloadAssembly (1038ms)
		BeginReloadAssembly (100ms)
			ExecutionOrderSort (0ms)
			DisableScriptedObjects (5ms)
			BackupInstance (0ms)
			ReleaseScriptingObjects (0ms)
			CreateAndSetChildDomain (24ms)
		EndReloadAssembly (843ms)
			LoadAssemblies (67ms)
			RebuildTransferFunctionScriptingTraits (0ms)
			SetupTypeCache (169ms)
			ReleaseScriptCaches (1ms)
			RebuildScriptCaches (55ms)
			SetupLoadedEditorAssemblies (501ms)
				LogAssemblyErrors (0ms)
				InitializePlatformSupportModulesInManaged (11ms)
				SetLoadedEditorAssemblies (0ms)
				RefreshPlugins (1ms)
				BeforeProcessingInitializeOnLoad (68ms)
				ProcessInitializeOnLoadAttributes (314ms)
				ProcessInitializeOnLoadMethodAttributes (99ms)
				AfterProcessingInitializeOnLoad (8ms)
				EditorAssembliesLoaded (0ms)
			ExecutionOrderSort2 (0ms)
			AwakeInstancesAfterBackupRestoration (6ms)
Platform modules already initialized, skipping
Refreshing native plugins compatible for Editor in 5.05 ms, found 2 plugins.
Preloading 0 native plugins for Editor in 0.00 ms.
Unloading 2450 Unused Serialized files (Serialized files now loaded: 0)
Unloading 51 unused Assets / (125.8 KB). Loaded Objects now: 2932.
Memory consumption went from 98.0 MB to 97.8 MB.
Total: 5.823200 ms (FindLiveObjects: 0.133600 ms CreateObjectMapping: 0.073900 ms MarkObjects: 5.523100 ms  DeleteObjects: 0.091700 ms)

AssetImportParameters requested are different than current active one (requested -> active):
  custom:video-decoder-ogg-theora: a1e56fd34408186e4bbccfd4996cb3dc -> 
  custom:container-muxer-webm: aa71ff27fc2769a1b78a27578f13a17b -> 
  custom:container-demuxer-webm: 4f35f7cbe854078d1ac9338744f61a02 -> 
  custom:video-encoder-webm-vp8: eb34c28f22e8b96e1ab97ce403110664 -> 
  custom:audio-encoder-webm-vorbis: bf7c407c2cedff20999df2af8eb42d56 -> 
  custom:framework-win-MediaFoundation: 216162199b28c13a410421893ffa2e32 -> 
  custom:container-demuxer-ogg: 62fdf1f143b41e24485cea50d1cbac27 -> 
  custom:video-decoder-webm-vp8: 9c59270c3fd7afecdb556c50c9e8de78 -> 
  custom:audio-decoder-ogg-vorbis: bf7c407c2cedff20999df2af8eb42d56 -> 
========================================================================
Received Import Request.
  Time since last request: 411.214715 seconds.
  path: Assets/Rhythm Game Tutorial/FinishedObjects/Sprites/VIDEO/Katanagatari Opening 3 (2013).mp4
  artifactKey: Guid(52094b9d3c25a6d4db0c102a9a7dce7c) Importer(815301076,1909f56bfc062723c751e8b465ee728b)
Start importing Assets/Rhythm Game Tutorial/FinishedObjects/Sprites/VIDEO/Katanagatari Opening 3 (2013).mp4 using Guid(52094b9d3c25a6d4db0c102a9a7dce7c) Importer(815301076,1909f56bfc062723c751e8b465ee728b)  -> (artifact id: '2ecd02dfd40ae097fc82ddd6058322b5') in 0.023687 seconds 
========================================================================
Received Import Request.
  Time since last request: 51.542277 seconds.
  path: Assets/Rhythm Game Tutorial/FinishedObjects/Sprites/FONT
  artifactKey: Guid(3859a2d71a6015c489e0db4f9ec23db9) Importer(815301076,1909f56bfc062723c751e8b465ee728b)
Start importing Assets/Rhythm Game Tutorial/FinishedObjects/Sprites/FONT using Guid(3859a2d71a6015c489e0db4f9ec23db9) Importer(815301076,1909f56bfc062723c751e8b465ee728b)  -> (artifact id: 'c3712b5c4cf833acfe084b5e128b3727') in 0.008165 seconds 
========================================================================
Received Import Request.
  Time since last request: 0.051224 seconds.
  path: Assets/Rhythm Game Tutorial/FinishedObjects/Sprites/FONT/Softsoul Bold SDF.asset
  artifactKey: Guid(db87e99f2b6c0d24494446f599647ed6) Importer(815301076,1909f56bfc062723c751e8b465ee728b)
Start importing Assets/Rhythm Game Tutorial/FinishedObjects/Sprites/FONT/Softsoul Bold SDF.asset using Guid(db87e99f2b6c0d24494446f599647ed6) Importer(815301076,1909f56bfc062723c751e8b465ee728b)  -> (artifact id: '6580d099033a26bf99d63fbddc0e32a6') in 0.067541 seconds 
========================================================================
Received Import Request.
  Time since last request: 0.674535 seconds.
  path: Assets/Rhythm Game Tutorial/FinishedObjects/Sprites/FONT/Softsoul Bold
  artifactKey: Guid(67acced23bb273d4fa1d0f893903217e) Importer(815301076,1909f56bfc062723c751e8b465ee728b)
Start importing Assets/Rhythm Game Tutorial/FinishedObjects/Sprites/FONT/Softsoul Bold using Guid(67acced23bb273d4fa1d0f893903217e) Importer(815301076,1909f56bfc062723c751e8b465ee728b)  -> (artifact id: '88a37b1e1eb061bac33106c6ab8b3c0d') in 0.005780 seconds 
========================================================================
Received Import Request.
  Time since last request: 0.085911 seconds.
  path: Assets/Rhythm Game Tutorial/FinishedObjects/Sprites/FONT/Softsoul Bold/Softsoul Bold.ttf
  artifactKey: Guid(da812a76a2970574c8752c4508b18a2a) Importer(815301076,1909f56bfc062723c751e8b465ee728b)
Start importing Assets/Rhythm Game Tutorial/FinishedObjects/Sprites/FONT/Softsoul Bold/Softsoul Bold.ttf using Guid(da812a76a2970574c8752c4508b18a2a) Importer(815301076,1909f56bfc062723c751e8b465ee728b)  -> (artifact id: 'c7652fe549a5cc5b2c8e890dd2ebdeda') in 0.023521 seconds 
========================================================================
Received Import Request.
  Time since last request: 0.842606 seconds.
  path: Assets/Rhythm Game Tutorial/FinishedObjects/Sprites/PNG/Btn01.png
  artifactKey: Guid(af440543e7031be468a535d2e536d329) Importer(815301076,1909f56bfc062723c751e8b465ee728b)
Start importing Assets/Rhythm Game Tutorial/FinishedObjects/Sprites/PNG/Btn01.png using Guid(af440543e7031be468a535d2e536d329) Importer(815301076,1909f56bfc062723c751e8b465ee728b)  -> (artifact id: 'd8f47105cc27ab2c4a6d04527366890e') in 0.024203 seconds 
========================================================================
Received Import Request.
  Time since last request: 0.000018 seconds.
  path: Assets/Rhythm Game Tutorial/FinishedObjects/Sprites/PNG/CheckBox08.png
  artifactKey: Guid(3be9a1b109cdaa240af534e6cabb93d2) Importer(815301076,1909f56bfc062723c751e8b465ee728b)
Start importing Assets/Rhythm Game Tutorial/FinishedObjects/Sprites/PNG/CheckBox08.png using Guid(3be9a1b109cdaa240af534e6cabb93d2) Importer(815301076,1909f56bfc062723c751e8b465ee728b)  -> (artifact id: 'a94576bd6dc5ba21390f0bd86eccaa73') in 0.015627 seconds 
========================================================================
Received Import Request.
  Time since last request: 0.000021 seconds.
  path: Assets/Rhythm Game Tutorial/FinishedObjects/Sprites/PNG/Button09.png
  artifactKey: Guid(8b087c41e71abce4db6d8f648f4ed6ea) Importer(815301076,1909f56bfc062723c751e8b465ee728b)
Start importing Assets/Rhythm Game Tutorial/FinishedObjects/Sprites/PNG/Button09.png using Guid(8b087c41e71abce4db6d8f648f4ed6ea) Importer(815301076,1909f56bfc062723c751e8b465ee728b)  -> (artifact id: '91787eae10adc764c51cca60e1bf520f') in 0.018436 seconds 
========================================================================
Received Import Request.
  Time since last request: 0.000015 seconds.
  path: Assets/Rhythm Game Tutorial/FinishedObjects/Sprites/PNG/CheckBox05.png
  artifactKey: Guid(4f0f9b15e23ce9b4abbb4ad5e159959e) Importer(815301076,1909f56bfc062723c751e8b465ee728b)
Start importing Assets/Rhythm Game Tutorial/FinishedObjects/Sprites/PNG/CheckBox05.png using Guid(4f0f9b15e23ce9b4abbb4ad5e159959e) Importer(815301076,1909f56bfc062723c751e8b465ee728b)  -> (artifact id: '598bec837d7b5870f8bb835d153e9e66') in 0.014216 seconds 
========================================================================
Received Import Request.
  Time since last request: 0.000018 seconds.
  path: Assets/Rhythm Game Tutorial/FinishedObjects/Sprites/PNG/Button16.png
  artifactKey: Guid(42645d7a4e2a53243874a1b59726e1db) Importer(815301076,1909f56bfc062723c751e8b465ee728b)
Start importing Assets/Rhythm Game Tutorial/FinishedObjects/Sprites/PNG/Button16.png using Guid(42645d7a4e2a53243874a1b59726e1db) Importer(815301076,1909f56bfc062723c751e8b465ee728b)  -> (artifact id: 'cbd02804c8d0190f8b2926c9aa7fa11c') in 0.016551 seconds 
========================================================================
Received Import Request.
  Time since last request: 0.000019 seconds.
  path: Assets/Rhythm Game Tutorial/FinishedObjects/Sprites/PNG/CheckBox04.png
  artifactKey: Guid(c88d34dcefe395845b4dcd6c43882d9d) Importer(815301076,1909f56bfc062723c751e8b465ee728b)
Start importing Assets/Rhythm Game Tutorial/FinishedObjects/Sprites/PNG/CheckBox04.png using Guid(c88d34dcefe395845b4dcd6c43882d9d) Importer(815301076,1909f56bfc062723c751e8b465ee728b)  -> (artifact id: '874f7f47b2ed4e947e129677230be773') in 0.011966 seconds 
========================================================================
Received Import Request.
  Time since last request: 0.000018 seconds.
  path: Assets/Rhythm Game Tutorial/FinishedObjects/Sprites/PNG/Button11.png
  artifactKey: Guid(b7b3370678c982e4484ad5c8fb41988c) Importer(815301076,1909f56bfc062723c751e8b465ee728b)
Start importing Assets/Rhythm Game Tutorial/FinishedObjects/Sprites/PNG/Button11.png using Guid(b7b3370678c982e4484ad5c8fb41988c) Importer(815301076,1909f56bfc062723c751e8b465ee728b)  -> (artifact id: '9ddabd4196523ce50ac6822609eb16de') in 0.014320 seconds 
========================================================================
Received Import Request.
  Time since last request: 0.000021 seconds.
  path: Assets/Rhythm Game Tutorial/FinishedObjects/Sprites/PNG/Button15.png
  artifactKey: Guid(33d90dd982376e94984c975ac0c593e7) Importer(815301076,1909f56bfc062723c751e8b465ee728b)
Start importing Assets/Rhythm Game Tutorial/FinishedObjects/Sprites/PNG/Button15.png using Guid(33d90dd982376e94984c975ac0c593e7) Importer(815301076,1909f56bfc062723c751e8b465ee728b)  -> (artifact id: 'fccbf47b468b026788e2f67ca05f4f39') in 0.013132 seconds 
========================================================================
Received Import Request.
  Time since last request: 0.000022 seconds.
  path: Assets/Rhythm Game Tutorial/FinishedObjects/Sprites/PNG/Icon07.png
  artifactKey: Guid(61206036d1af9954da58d2f736ea125e) Importer(815301076,1909f56bfc062723c751e8b465ee728b)
Start importing Assets/Rhythm Game Tutorial/FinishedObjects/Sprites/PNG/Icon07.png using Guid(61206036d1af9954da58d2f736ea125e) Importer(815301076,1909f56bfc062723c751e8b465ee728b)  -> (artifact id: '2f984cb4fb52777ee8e9d31543d73e7f') in 0.014752 seconds 
========================================================================
Received Import Request.
  Time since last request: 0.000012 seconds.
  path: Assets/Rhythm Game Tutorial/FinishedObjects/Sprites/PNG/CheckBox07.png
  artifactKey: Guid(12ef694efbe6c9c48b806d262d74c7b6) Importer(815301076,1909f56bfc062723c751e8b465ee728b)
Start importing Assets/Rhythm Game Tutorial/FinishedObjects/Sprites/PNG/CheckBox07.png using Guid(12ef694efbe6c9c48b806d262d74c7b6) Importer(815301076,1909f56bfc062723c751e8b465ee728b)  -> (artifact id: '6ede4812fd4c255a0f475cd20162e5f3') in 0.011122 seconds 
========================================================================
Received Import Request.
  Time since last request: 0.000015 seconds.
  path: Assets/Rhythm Game Tutorial/FinishedObjects/Sprites/PNG/Button24.png
  artifactKey: Guid(a9718112f05d0764ea9d0483d1c00273) Importer(815301076,1909f56bfc062723c751e8b465ee728b)
Start importing Assets/Rhythm Game Tutorial/FinishedObjects/Sprites/PNG/Button24.png using Guid(a9718112f05d0764ea9d0483d1c00273) Importer(815301076,1909f56bfc062723c751e8b465ee728b)  -> (artifact id: '9d0836cc5549131019fa2c60c478aece') in 0.013725 seconds 
========================================================================
Received Import Request.
  Time since last request: 0.000016 seconds.
  path: Assets/Rhythm Game Tutorial/FinishedObjects/Sprites/PNG/Button03.png
  artifactKey: Guid(04a74303a1c17494f9bba103ebb349b0) Importer(815301076,1909f56bfc062723c751e8b465ee728b)
Start importing Assets/Rhythm Game Tutorial/FinishedObjects/Sprites/PNG/Button03.png using Guid(04a74303a1c17494f9bba103ebb349b0) Importer(815301076,1909f56bfc062723c751e8b465ee728b)  -> (artifact id: '5ea76d5bc7fa709711d0b60ce6388195') in 0.011413 seconds 
========================================================================
Received Import Request.
  Time since last request: 0.000023 seconds.
  path: Assets/Rhythm Game Tutorial/FinishedObjects/Sprites/PNG/Button05.png
  artifactKey: Guid(da9ea0ba87a46074b8946990d18318a0) Importer(815301076,1909f56bfc062723c751e8b465ee728b)
Start importing Assets/Rhythm Game Tutorial/FinishedObjects/Sprites/PNG/Button05.png using Guid(da9ea0ba87a46074b8946990d18318a0) Importer(815301076,1909f56bfc062723c751e8b465ee728b)  -> (artifact id: 'f2816ae19fa353e27aca3c5e004241eb') in 0.013040 seconds 
========================================================================
Received Import Request.
  Time since last request: 0.000016 seconds.
  path: Assets/Rhythm Game Tutorial/FinishedObjects/Sprites/PNG/Icon03.png
  artifactKey: Guid(a942a117b1d33b844848e03188539c0a) Importer(815301076,1909f56bfc062723c751e8b465ee728b)
Start importing Assets/Rhythm Game Tutorial/FinishedObjects/Sprites/PNG/Icon03.png using Guid(a942a117b1d33b844848e03188539c0a) Importer(815301076,1909f56bfc062723c751e8b465ee728b)  -> (artifact id: '229fffd636c9e103904bf0f3aa8513b9') in 0.012459 seconds 
========================================================================
Received Import Request.
  Time since last request: 0.000014 seconds.
  path: Assets/Rhythm Game Tutorial/FinishedObjects/Sprites/PNG/CheckBox03.png
  artifactKey: Guid(080ed8d3a6925974e8f76abd39ff839a) Importer(815301076,1909f56bfc062723c751e8b465ee728b)
Start importing Assets/Rhythm Game Tutorial/FinishedObjects/Sprites/PNG/CheckBox03.png using Guid(080ed8d3a6925974e8f76abd39ff839a) Importer(815301076,1909f56bfc062723c751e8b465ee728b)  -> (artifact id: '180c67105aafb429cd02746022b721b7') in 0.010561 seconds 
========================================================================
Received Import Request.
  Time since last request: 0.000019 seconds.
  path: Assets/Rhythm Game Tutorial/FinishedObjects/Sprites/PNG/Icon14.png
  artifactKey: Guid(47c2168414b17314bbbbe2cd9d37017d) Importer(815301076,1909f56bfc062723c751e8b465ee728b)
Start importing Assets/Rhythm Game Tutorial/FinishedObjects/Sprites/PNG/Icon14.png using Guid(47c2168414b17314bbbbe2cd9d37017d) Importer(815301076,1909f56bfc062723c751e8b465ee728b)  -> (artifact id: '56e05b39e523525c16a8fa13c0c54a2d') in 0.012721 seconds 
========================================================================
Received Import Request.
  Time since last request: 0.000016 seconds.
  path: Assets/Rhythm Game Tutorial/FinishedObjects/Sprites/PNG/Icon16.png
  artifactKey: Guid(3a07f75ca26230b4da86d0b929ae60ba) Importer(815301076,1909f56bfc062723c751e8b465ee728b)
Start importing Assets/Rhythm Game Tutorial/FinishedObjects/Sprites/PNG/Icon16.png using Guid(3a07f75ca26230b4da86d0b929ae60ba) Importer(815301076,1909f56bfc062723c751e8b465ee728b)  -> (artifact id: '7edbd85280bfa68f3b6dd9934d3b3e0c') in 0.013241 seconds 
========================================================================
Received Import Request.
  Time since last request: 0.000019 seconds.
  path: Assets/Rhythm Game Tutorial/FinishedObjects/Sprites/PNG/CheckBox01.png
  artifactKey: Guid(46724974bd817d54fa61591efae6e1ea) Importer(815301076,1909f56bfc062723c751e8b465ee728b)
Start importing Assets/Rhythm Game Tutorial/FinishedObjects/Sprites/PNG/CheckBox01.png using Guid(46724974bd817d54fa61591efae6e1ea) Importer(815301076,1909f56bfc062723c751e8b465ee728b)  -> (artifact id: '819a123aad0332579df54f275cf7bf11') in 0.012354 seconds 
========================================================================
Received Import Request.
  Time since last request: 0.000017 seconds.
  path: Assets/Rhythm Game Tutorial/FinishedObjects/Sprites/PNG/Button10.png
  artifactKey: Guid(fa45e449d6b75d144b565d1ce90afc52) Importer(815301076,1909f56bfc062723c751e8b465ee728b)
Start importing Assets/Rhythm Game Tutorial/FinishedObjects/Sprites/PNG/Button10.png using Guid(fa45e449d6b75d144b565d1ce90afc52) Importer(815301076,1909f56bfc062723c751e8b465ee728b)  -> (artifact id: '6910029b0d1e76615a35051b4e8e036a') in 0.016633 seconds 
========================================================================
Received Import Request.
  Time since last request: 0.000018 seconds.
  path: Assets/Rhythm Game Tutorial/FinishedObjects/Sprites/PNG/Icon19.png
  artifactKey: Guid(134c9bde8b84d5942ade72c4ba02427f) Importer(815301076,1909f56bfc062723c751e8b465ee728b)
Start importing Assets/Rhythm Game Tutorial/FinishedObjects/Sprites/PNG/Icon19.png using Guid(134c9bde8b84d5942ade72c4ba02427f) Importer(815301076,1909f56bfc062723c751e8b465ee728b)  -> (artifact id: '9cc3ad94ecbb8acf81c43120ed77d720') in 0.011724 seconds 
========================================================================
Received Import Request.
  Time since last request: 0.000017 seconds.
  path: Assets/Rhythm Game Tutorial/FinishedObjects/Sprites/PNG/Button12.png
  artifactKey: Guid(abf88ebfc6cc43b489e01c2123a9dff7) Importer(815301076,1909f56bfc062723c751e8b465ee728b)
Start importing Assets/Rhythm Game Tutorial/FinishedObjects/Sprites/PNG/Button12.png using Guid(abf88ebfc6cc43b489e01c2123a9dff7) Importer(815301076,1909f56bfc062723c751e8b465ee728b)  -> (artifact id: 'd3a1dfbb72ed13176e8737ab67c9c338') in 0.013633 seconds 
========================================================================
Received Import Request.
  Time since last request: 0.000016 seconds.
  path: Assets/Rhythm Game Tutorial/FinishedObjects/Sprites/PNG/Btn05.png
  artifactKey: Guid(d67e170777220dc45a65337a6cbd6bcc) Importer(815301076,1909f56bfc062723c751e8b465ee728b)
Start importing Assets/Rhythm Game Tutorial/FinishedObjects/Sprites/PNG/Btn05.png using Guid(d67e170777220dc45a65337a6cbd6bcc) Importer(815301076,1909f56bfc062723c751e8b465ee728b)  -> (artifact id: '52ef5725bb2edcfb4e493c9c3cf04453') in 0.012841 seconds 
========================================================================
Received Import Request.
  Time since last request: 0.000015 seconds.
  path: Assets/Rhythm Game Tutorial/FinishedObjects/Sprites/PNG/Icon13.png
  artifactKey: Guid(3d765380edd12ea4691f4031a313b324) Importer(815301076,1909f56bfc062723c751e8b465ee728b)
Start importing Assets/Rhythm Game Tutorial/FinishedObjects/Sprites/PNG/Icon13.png using Guid(3d765380edd12ea4691f4031a313b324) Importer(815301076,1909f56bfc062723c751e8b465ee728b)  -> (artifact id: '35db029b9b55ffc35935b86e07ae4d5b') in 0.014256 seconds 
========================================================================
Received Import Request.
  Time since last request: 0.000017 seconds.
  path: Assets/Rhythm Game Tutorial/FinishedObjects/Sprites/PNG/Button07.png
  artifactKey: Guid(081b7616ced672e478d883f51d726efe) Importer(815301076,1909f56bfc062723c751e8b465ee728b)
Start importing Assets/Rhythm Game Tutorial/FinishedObjects/Sprites/PNG/Button07.png using Guid(081b7616ced672e478d883f51d726efe) Importer(815301076,1909f56bfc062723c751e8b465ee728b)  -> (artifact id: '45308b7e9e9408ce5db1904356fa5dc0') in 0.013611 seconds 
========================================================================
Received Import Request.
  Time since last request: 0.000014 seconds.
  path: Assets/Rhythm Game Tutorial/FinishedObjects/Sprites/PNG/Button25.png
  artifactKey: Guid(df94e8e795e906647aefe91b81ce7759) Importer(815301076,1909f56bfc062723c751e8b465ee728b)
Start importing Assets/Rhythm Game Tutorial/FinishedObjects/Sprites/PNG/Button25.png using Guid(df94e8e795e906647aefe91b81ce7759) Importer(815301076,1909f56bfc062723c751e8b465ee728b)  -> (artifact id: '6b71fd12cb33b13d8342ac3223b6eb2b') in 0.012405 seconds 
========================================================================
Received Import Request.
  Time since last request: 0.000019 seconds.
  path: Assets/Rhythm Game Tutorial/FinishedObjects/Sprites/PNG/Icon15.png
  artifactKey: Guid(3654e5fd05f9bdd4e8d29489e13bd465) Importer(815301076,1909f56bfc062723c751e8b465ee728b)
Start importing Assets/Rhythm Game Tutorial/FinishedObjects/Sprites/PNG/Icon15.png using Guid(3654e5fd05f9bdd4e8d29489e13bd465) Importer(815301076,1909f56bfc062723c751e8b465ee728b)  -> (artifact id: '86f3d4399a14c86de5ed44d2c4006f82') in 0.011368 seconds 
========================================================================
Received Import Request.
  Time since last request: 0.000027 seconds.
  path: Assets/Rhythm Game Tutorial/FinishedObjects/Sprites/PNG/Btn06.png
  artifactKey: Guid(1637841a1fe941a47a65e38de4ed1bec) Importer(815301076,1909f56bfc062723c751e8b465ee728b)
Start importing Assets/Rhythm Game Tutorial/FinishedObjects/Sprites/PNG/Btn06.png using Guid(1637841a1fe941a47a65e38de4ed1bec) Importer(815301076,1909f56bfc062723c751e8b465ee728b)  -> (artifact id: '3182091c1851539aff3063ad28677c51') in 0.013211 seconds 
========================================================================
Received Import Request.
  Time since last request: 0.000016 seconds.
  path: Assets/Rhythm Game Tutorial/FinishedObjects/Sprites/PNG/Icon01.png
  artifactKey: Guid(e3e85da30ca99304996d4c1570686c5b) Importer(815301076,1909f56bfc062723c751e8b465ee728b)
Start importing Assets/Rhythm Game Tutorial/FinishedObjects/Sprites/PNG/Icon01.png using Guid(e3e85da30ca99304996d4c1570686c5b) Importer(815301076,1909f56bfc062723c751e8b465ee728b)  -> (artifact id: 'b13328e5c5eee6a16288ea71940aeb82') in 0.012737 seconds 
========================================================================
Received Import Request.
  Time since last request: 0.000011 seconds.
  path: Assets/Rhythm Game Tutorial/FinishedObjects/Sprites/PNG/Icon09.png
  artifactKey: Guid(110f5b8362cc6e94e88e8d41ba2c0bb2) Importer(815301076,1909f56bfc062723c751e8b465ee728b)
Start importing Assets/Rhythm Game Tutorial/FinishedObjects/Sprites/PNG/Icon09.png using Guid(110f5b8362cc6e94e88e8d41ba2c0bb2) Importer(815301076,1909f56bfc062723c751e8b465ee728b)  -> (artifact id: 'cd2e42f74af46296ee9ae197d0ca56a3') in 0.012441 seconds 
========================================================================
Received Import Request.
  Time since last request: 0.000016 seconds.
  path: Assets/Rhythm Game Tutorial/FinishedObjects/Sprites/PNG/Icon17.png
  artifactKey: Guid(2bf71228b7ec4c943b4bbf465701fed7) Importer(815301076,1909f56bfc062723c751e8b465ee728b)
Start importing Assets/Rhythm Game Tutorial/FinishedObjects/Sprites/PNG/Icon17.png using Guid(2bf71228b7ec4c943b4bbf465701fed7) Importer(815301076,1909f56bfc062723c751e8b465ee728b)  -> (artifact id: 'def7f7add5a4bd8693a12f4767f40528') in 0.011542 seconds 
========================================================================
Received Import Request.
  Time since last request: 0.000013 seconds.
  path: Assets/Rhythm Game Tutorial/FinishedObjects/Sprites/PNG/Button02.png
  artifactKey: Guid(148de83e78e033d4c88163abd24603a9) Importer(815301076,1909f56bfc062723c751e8b465ee728b)
Start importing Assets/Rhythm Game Tutorial/FinishedObjects/Sprites/PNG/Button02.png using Guid(148de83e78e033d4c88163abd24603a9) Importer(815301076,1909f56bfc062723c751e8b465ee728b)  -> (artifact id: '1c1da16ba49b9b0bb28ed331691e3985') in 0.012637 seconds 
========================================================================
Received Import Request.
  Time since last request: 0.000018 seconds.
  path: Assets/Rhythm Game Tutorial/FinishedObjects/Sprites/PNG/Button23.png
  artifactKey: Guid(3fe999716fe8ba84b9eb25b40a61f0c9) Importer(815301076,1909f56bfc062723c751e8b465ee728b)
Start importing Assets/Rhythm Game Tutorial/FinishedObjects/Sprites/PNG/Button23.png using Guid(3fe999716fe8ba84b9eb25b40a61f0c9) Importer(815301076,1909f56bfc062723c751e8b465ee728b)  -> (artifact id: '3d67c18be8122420ae75fd9315cb858c') in 0.012720 seconds 
========================================================================
Received Import Request.
  Time since last request: 0.000018 seconds.
  path: Assets/Rhythm Game Tutorial/FinishedObjects/Sprites/PNG/CheckBox10.png
  artifactKey: Guid(484ce69a5f9605044a63b559b7236328) Importer(815301076,1909f56bfc062723c751e8b465ee728b)
Start importing Assets/Rhythm Game Tutorial/FinishedObjects/Sprites/PNG/CheckBox10.png using Guid(484ce69a5f9605044a63b559b7236328) Importer(815301076,1909f56bfc062723c751e8b465ee728b)  -> (artifact id: '744aec767988463c4ed46012cf9c219b') in 0.011485 seconds 
========================================================================
Received Import Request.
  Time since last request: 1.345381 seconds.
  path: Assets/Rhythm Game Tutorial/FinishedObjects/Sprites/PNG/Icon21.png
  artifactKey: Guid(9fbad5899e4c7184cb8f078f9c885e3b) Importer(815301076,1909f56bfc062723c751e8b465ee728b)
Start importing Assets/Rhythm Game Tutorial/FinishedObjects/Sprites/PNG/Icon21.png using Guid(9fbad5899e4c7184cb8f078f9c885e3b) Importer(815301076,1909f56bfc062723c751e8b465ee728b)  -> (artifact id: '8a1fffc8aef5c6dd208d9290d5b0aa16') in 0.012733 seconds 
========================================================================
Received Import Request.
  Time since last request: 0.000011 seconds.
  path: Assets/Rhythm Game Tutorial/FinishedObjects/Sprites/PNG/Icon25.png
  artifactKey: Guid(f8f9fec34224892458c9c64d36ad421e) Importer(815301076,1909f56bfc062723c751e8b465ee728b)
Start importing Assets/Rhythm Game Tutorial/FinishedObjects/Sprites/PNG/Icon25.png using Guid(f8f9fec34224892458c9c64d36ad421e) Importer(815301076,1909f56bfc062723c751e8b465ee728b)  -> (artifact id: '8baab55a57dc90d7c26c34ea02f6f752') in 0.011843 seconds 
========================================================================
Received Import Request.
  Time since last request: 0.000012 seconds.
  path: Assets/Rhythm Game Tutorial/FinishedObjects/Sprites/PNG/Icon26.png
  artifactKey: Guid(d3bce73fde838594ebabe426cf68fe1c) Importer(815301076,1909f56bfc062723c751e8b465ee728b)
Start importing Assets/Rhythm Game Tutorial/FinishedObjects/Sprites/PNG/Icon26.png using Guid(d3bce73fde838594ebabe426cf68fe1c) Importer(815301076,1909f56bfc062723c751e8b465ee728b)  -> (artifact id: '92cefcfc7a69a8cc3ffeb1b264c8f60f') in 0.012099 seconds 
========================================================================
Received Import Request.
  Time since last request: 0.000011 seconds.
  path: Assets/Rhythm Game Tutorial/FinishedObjects/Sprites/PNG/Icon27.png
  artifactKey: Guid(fdf07e47f33ffdd4bae48bf3203965bf) Importer(815301076,1909f56bfc062723c751e8b465ee728b)
Start importing Assets/Rhythm Game Tutorial/FinishedObjects/Sprites/PNG/Icon27.png using Guid(fdf07e47f33ffdd4bae48bf3203965bf) Importer(815301076,1909f56bfc062723c751e8b465ee728b)  -> (artifact id: '6567b16afccf545585bdef749ec1714f') in 0.012771 seconds 
========================================================================
Received Import Request.
  Time since last request: 0.000012 seconds.
  path: Assets/Rhythm Game Tutorial/FinishedObjects/Sprites/PNG/Icon23.png
  artifactKey: Guid(321f41b660890954b8a5c496cf6873d8) Importer(815301076,1909f56bfc062723c751e8b465ee728b)
Start importing Assets/Rhythm Game Tutorial/FinishedObjects/Sprites/PNG/Icon23.png using Guid(321f41b660890954b8a5c496cf6873d8) Importer(815301076,1909f56bfc062723c751e8b465ee728b)  -> (artifact id: '3d9d17f36d5aded7d5ed0d7684d4e1f2') in 0.013236 seconds 
========================================================================
Received Import Request.
  Time since last request: 0.000018 seconds.
  path: Assets/Rhythm Game Tutorial/FinishedObjects/Sprites/PNG/Icon33.png
  artifactKey: Guid(6442af375990fae4ba1faecc0051f30d) Importer(815301076,1909f56bfc062723c751e8b465ee728b)
Start importing Assets/Rhythm Game Tutorial/FinishedObjects/Sprites/PNG/Icon33.png using Guid(6442af375990fae4ba1faecc0051f30d) Importer(815301076,1909f56bfc062723c751e8b465ee728b)  -> (artifact id: '1982eb10e452b118f71fcf9a109aaffd') in 0.012642 seconds 
========================================================================
Received Import Request.
  Time since last request: 0.000012 seconds.
  path: Assets/Rhythm Game Tutorial/FinishedObjects/Sprites/PNG/Icon32.png
  artifactKey: Guid(fa4af5e6559022f428df27e5a6fbc7b3) Importer(815301076,1909f56bfc062723c751e8b465ee728b)
Start importing Assets/Rhythm Game Tutorial/FinishedObjects/Sprites/PNG/Icon32.png using Guid(fa4af5e6559022f428df27e5a6fbc7b3) Importer(815301076,1909f56bfc062723c751e8b465ee728b)  -> (artifact id: 'dc0b839acea7103b14d855d7519507ba') in 0.012966 seconds 
========================================================================
Received Import Request.
  Time since last request: 0.000013 seconds.
  path: Assets/Rhythm Game Tutorial/FinishedObjects/Sprites/PNG/Icon30.png
  artifactKey: Guid(6e38c441b0c7b2548970e7de9bde5d55) Importer(815301076,1909f56bfc062723c751e8b465ee728b)
Start importing Assets/Rhythm Game Tutorial/FinishedObjects/Sprites/PNG/Icon30.png using Guid(6e38c441b0c7b2548970e7de9bde5d55) Importer(815301076,1909f56bfc062723c751e8b465ee728b)  -> (artifact id: '57e543545f5bb6141bc8cf8f4a56235c') in 0.010882 seconds 
========================================================================
Received Import Request.
  Time since last request: 0.302146 seconds.
  path: Assets/Rhythm Game Tutorial/FinishedObjects/Sprites/PNG/Icon37.png
  artifactKey: Guid(3f56b5cebb57eb54495173e2c5e4c4ac) Importer(815301076,1909f56bfc062723c751e8b465ee728b)
Start importing Assets/Rhythm Game Tutorial/FinishedObjects/Sprites/PNG/Icon37.png using Guid(3f56b5cebb57eb54495173e2c5e4c4ac) Importer(815301076,1909f56bfc062723c751e8b465ee728b)  -> (artifact id: '854de853c79ace1cef161d48ec5171d2') in 0.021032 seconds 
========================================================================
Received Import Request.
  Time since last request: 0.000013 seconds.
  path: Assets/Rhythm Game Tutorial/FinishedObjects/Sprites/PNG/Icon47.png
  artifactKey: Guid(9bb90269f1772ba42bb91f329da392bf) Importer(815301076,1909f56bfc062723c751e8b465ee728b)
Start importing Assets/Rhythm Game Tutorial/FinishedObjects/Sprites/PNG/Icon47.png using Guid(9bb90269f1772ba42bb91f329da392bf) Importer(815301076,1909f56bfc062723c751e8b465ee728b)  -> (artifact id: '84fa26d7f12c7b6c57bfb16e705d3564') in 0.012814 seconds 
========================================================================
Received Import Request.
  Time since last request: 0.000014 seconds.
  path: Assets/Rhythm Game Tutorial/FinishedObjects/Sprites/PNG/Icon48.png
  artifactKey: Guid(213ab1917855e95488615360823b13a3) Importer(815301076,1909f56bfc062723c751e8b465ee728b)
Start importing Assets/Rhythm Game Tutorial/FinishedObjects/Sprites/PNG/Icon48.png using Guid(213ab1917855e95488615360823b13a3) Importer(815301076,1909f56bfc062723c751e8b465ee728b)  -> (artifact id: '507b76f5539246d7ab07c791f09761cc') in 0.014859 seconds 
========================================================================
Received Import Request.
  Time since last request: 0.000014 seconds.
  path: Assets/Rhythm Game Tutorial/FinishedObjects/Sprites/PNG/Icon55.png
  artifactKey: Guid(ff7684d731d188844bc61379e5e6181d) Importer(815301076,1909f56bfc062723c751e8b465ee728b)
Start importing Assets/Rhythm Game Tutorial/FinishedObjects/Sprites/PNG/Icon55.png using Guid(ff7684d731d188844bc61379e5e6181d) Importer(815301076,1909f56bfc062723c751e8b465ee728b)  -> (artifact id: 'ec75b5c780e3666fb90ccc4fd81dc7f3') in 0.011843 seconds 
========================================================================
Received Import Request.
  Time since last request: 0.000011 seconds.
  path: Assets/Rhythm Game Tutorial/FinishedObjects/Sprites/PNG/Icon72.png
  artifactKey: Guid(dfd2d80d1fdb8834da2e94011d2cc5da) Importer(815301076,1909f56bfc062723c751e8b465ee728b)
Start importing Assets/Rhythm Game Tutorial/FinishedObjects/Sprites/PNG/Icon72.png using Guid(dfd2d80d1fdb8834da2e94011d2cc5da) Importer(815301076,1909f56bfc062723c751e8b465ee728b)  -> (artifact id: 'a389ff280f20424e7258694951fb5e5d') in 0.012824 seconds 
========================================================================
Received Import Request.
  Time since last request: 0.000013 seconds.
  path: Assets/Rhythm Game Tutorial/FinishedObjects/Sprites/PNG/Icon74.png
  artifactKey: Guid(d3ce03dc89a4bc942bc5a185b86040a3) Importer(815301076,1909f56bfc062723c751e8b465ee728b)
Start importing Assets/Rhythm Game Tutorial/FinishedObjects/Sprites/PNG/Icon74.png using Guid(d3ce03dc89a4bc942bc5a185b86040a3) Importer(815301076,1909f56bfc062723c751e8b465ee728b)  -> (artifact id: '280dfa6b5f3cc771b227c9bcb931f050') in 0.013109 seconds 
========================================================================
Received Import Request.
  Time since last request: 0.000013 seconds.
  path: Assets/Rhythm Game Tutorial/FinishedObjects/Sprites/PNG/Icon56.png
  artifactKey: Guid(e3ce5f001778b184a80f5f64469ff4dc) Importer(815301076,1909f56bfc062723c751e8b465ee728b)
Start importing Assets/Rhythm Game Tutorial/FinishedObjects/Sprites/PNG/Icon56.png using Guid(e3ce5f001778b184a80f5f64469ff4dc) Importer(815301076,1909f56bfc062723c751e8b465ee728b)  -> (artifact id: '40da48b72768328f103939fdc5884876') in 0.012421 seconds 
========================================================================
Received Import Request.
  Time since last request: 0.000013 seconds.
  path: Assets/Rhythm Game Tutorial/FinishedObjects/Sprites/PNG/Icon81.png
  artifactKey: Guid(193e2ade175ffa544b68772ed77d7a83) Importer(815301076,1909f56bfc062723c751e8b465ee728b)
Start importing Assets/Rhythm Game Tutorial/FinishedObjects/Sprites/PNG/Icon81.png using Guid(193e2ade175ffa544b68772ed77d7a83) Importer(815301076,1909f56bfc062723c751e8b465ee728b)  -> (artifact id: '4801aba55b279367d694273cd00dfd6c') in 0.013168 seconds 
========================================================================
Received Import Request.
  Time since last request: 0.000015 seconds.
  path: Assets/Rhythm Game Tutorial/FinishedObjects/Sprites/PNG/Icon54.png
  artifactKey: Guid(82d1167ce46e40e4c9b467d7eb7adbbc) Importer(815301076,1909f56bfc062723c751e8b465ee728b)
Start importing Assets/Rhythm Game Tutorial/FinishedObjects/Sprites/PNG/Icon54.png using Guid(82d1167ce46e40e4c9b467d7eb7adbbc) Importer(815301076,1909f56bfc062723c751e8b465ee728b)  -> (artifact id: 'b8893a594a632e3ae974e52ad444bd6f') in 0.014920 seconds 
========================================================================
Received Import Request.
  Time since last request: 0.000015 seconds.
  path: Assets/Rhythm Game Tutorial/FinishedObjects/Sprites/PNG/Icon78.png
  artifactKey: Guid(8d8c3249287aece42a23dc58f2816006) Importer(815301076,1909f56bfc062723c751e8b465ee728b)
Start importing Assets/Rhythm Game Tutorial/FinishedObjects/Sprites/PNG/Icon78.png using Guid(8d8c3249287aece42a23dc58f2816006) Importer(815301076,1909f56bfc062723c751e8b465ee728b)  -> (artifact id: 'dfb5c34b4a9cf6897995e7f875351994') in 0.016539 seconds 
========================================================================
Received Import Request.
  Time since last request: 0.000016 seconds.
  path: Assets/Rhythm Game Tutorial/FinishedObjects/Sprites/PNG/Icon66.png
  artifactKey: Guid(d96cfe84ebe10754e9df51f575903b6a) Importer(815301076,1909f56bfc062723c751e8b465ee728b)
Start importing Assets/Rhythm Game Tutorial/FinishedObjects/Sprites/PNG/Icon66.png using Guid(d96cfe84ebe10754e9df51f575903b6a) Importer(815301076,1909f56bfc062723c751e8b465ee728b)  -> (artifact id: 'cd424c43ad257d927e5dcf6d127ff4d2') in 0.013159 seconds 
========================================================================
Received Import Request.
  Time since last request: 0.000021 seconds.
  path: Assets/Rhythm Game Tutorial/FinishedObjects/Sprites/PNG/Icon43.png
  artifactKey: Guid(13d724dbd9993a442a44d26479333b5b) Importer(815301076,1909f56bfc062723c751e8b465ee728b)
Start importing Assets/Rhythm Game Tutorial/FinishedObjects/Sprites/PNG/Icon43.png using Guid(13d724dbd9993a442a44d26479333b5b) Importer(815301076,1909f56bfc062723c751e8b465ee728b)  -> (artifact id: '181395b122b97b4d5def7e2080764e68') in 0.012613 seconds 
========================================================================
Received Import Request.
  Time since last request: 0.000024 seconds.
  path: Assets/Rhythm Game Tutorial/FinishedObjects/Sprites/PNG/Icon64.png
  artifactKey: Guid(2bc8a5db22b8aac43b9a6cf9624e4af6) Importer(815301076,1909f56bfc062723c751e8b465ee728b)
Start importing Assets/Rhythm Game Tutorial/FinishedObjects/Sprites/PNG/Icon64.png using Guid(2bc8a5db22b8aac43b9a6cf9624e4af6) Importer(815301076,1909f56bfc062723c751e8b465ee728b)  -> (artifact id: '1d47e51ff62e4e3b6d950f8802e4e8eb') in 0.012856 seconds 
========================================================================
Received Import Request.
  Time since last request: 0.000022 seconds.
  path: Assets/Rhythm Game Tutorial/FinishedObjects/Sprites/PNG/Icon53.png
  artifactKey: Guid(9445743be4505544f923d5319dfbe3a8) Importer(815301076,1909f56bfc062723c751e8b465ee728b)
Start importing Assets/Rhythm Game Tutorial/FinishedObjects/Sprites/PNG/Icon53.png using Guid(9445743be4505544f923d5319dfbe3a8) Importer(815301076,1909f56bfc062723c751e8b465ee728b)  -> (artifact id: 'c171bda994c1b5e5d708853cb6892cc8') in 0.012093 seconds 
========================================================================
Received Import Request.
  Time since last request: 0.000014 seconds.
  path: Assets/Rhythm Game Tutorial/FinishedObjects/Sprites/PNG/Icon45.png
  artifactKey: Guid(be08fd7cba64aee4a840343c0c92f9ec) Importer(815301076,1909f56bfc062723c751e8b465ee728b)
Start importing Assets/Rhythm Game Tutorial/FinishedObjects/Sprites/PNG/Icon45.png using Guid(be08fd7cba64aee4a840343c0c92f9ec) Importer(815301076,1909f56bfc062723c751e8b465ee728b)  -> (artifact id: '220e5963a70c05e7a7cbb063925babe1') in 0.012075 seconds 
========================================================================
Received Import Request.
  Time since last request: 0.000018 seconds.
  path: Assets/Rhythm Game Tutorial/FinishedObjects/Sprites/PNG/Icon71.png
  artifactKey: Guid(e4d66ed6279c48e438fb54ce4149ae60) Importer(815301076,1909f56bfc062723c751e8b465ee728b)
Start importing Assets/Rhythm Game Tutorial/FinishedObjects/Sprites/PNG/Icon71.png using Guid(e4d66ed6279c48e438fb54ce4149ae60) Importer(815301076,1909f56bfc062723c751e8b465ee728b)  -> (artifact id: '7e71582d9af0deb8e7c55a398c66631b') in 0.013143 seconds 
========================================================================
Received Import Request.
  Time since last request: 0.000014 seconds.
  path: Assets/Rhythm Game Tutorial/FinishedObjects/Sprites/PNG/Icon83.png
  artifactKey: Guid(fa677dbf5649a0f4eb5710cb58c84c54) Importer(815301076,1909f56bfc062723c751e8b465ee728b)
Start importing Assets/Rhythm Game Tutorial/FinishedObjects/Sprites/PNG/Icon83.png using Guid(fa677dbf5649a0f4eb5710cb58c84c54) Importer(815301076,1909f56bfc062723c751e8b465ee728b)  -> (artifact id: 'be42b41a326993121cc77d53b3253203') in 0.013675 seconds 
========================================================================
Received Import Request.
  Time since last request: 0.000016 seconds.
  path: Assets/Rhythm Game Tutorial/FinishedObjects/Sprites/PNG/Icon51.png
  artifactKey: Guid(5f5ca10bfd407e64b9ae9470f38ba4a1) Importer(815301076,1909f56bfc062723c751e8b465ee728b)
Start importing Assets/Rhythm Game Tutorial/FinishedObjects/Sprites/PNG/Icon51.png using Guid(5f5ca10bfd407e64b9ae9470f38ba4a1) Importer(815301076,1909f56bfc062723c751e8b465ee728b)  -> (artifact id: '811f28a3a2c08924c5c62970445b247e') in 0.011783 seconds 
========================================================================
Received Import Request.
  Time since last request: 0.000019 seconds.
  path: Assets/Rhythm Game Tutorial/FinishedObjects/Sprites/PNG/Icon79.png
  artifactKey: Guid(738a2e4d61038584392d8123c9f55177) Importer(815301076,1909f56bfc062723c751e8b465ee728b)
Start importing Assets/Rhythm Game Tutorial/FinishedObjects/Sprites/PNG/Icon79.png using Guid(738a2e4d61038584392d8123c9f55177) Importer(815301076,1909f56bfc062723c751e8b465ee728b)  -> (artifact id: 'cad5d53c9fd8284f65993d3f769dfefe') in 0.011303 seconds 
========================================================================
Received Import Request.
  Time since last request: 0.000016 seconds.
  path: Assets/Rhythm Game Tutorial/FinishedObjects/Sprites/PNG/Icon69.png
  artifactKey: Guid(885734ccbf1e07f4cbf2ef78abc20b71) Importer(815301076,1909f56bfc062723c751e8b465ee728b)
Start importing Assets/Rhythm Game Tutorial/FinishedObjects/Sprites/PNG/Icon69.png using Guid(885734ccbf1e07f4cbf2ef78abc20b71) Importer(815301076,1909f56bfc062723c751e8b465ee728b)  -> (artifact id: 'd1e74a1418378e6bc29c64cf35321469') in 0.013698 seconds 
========================================================================
Received Import Request.
  Time since last request: 0.000022 seconds.
  path: Assets/Rhythm Game Tutorial/FinishedObjects/Sprites/PNG/Icon62.png
  artifactKey: Guid(5f1a8d85cfca55a448443530b9eb287f) Importer(815301076,1909f56bfc062723c751e8b465ee728b)
Start importing Assets/Rhythm Game Tutorial/FinishedObjects/Sprites/PNG/Icon62.png using Guid(5f1a8d85cfca55a448443530b9eb287f) Importer(815301076,1909f56bfc062723c751e8b465ee728b)  -> (artifact id: 'ff01f87c34cb42e6a65139b57f042564') in 0.012450 seconds 
========================================================================
Received Import Request.
  Time since last request: 0.000016 seconds.
  path: Assets/Rhythm Game Tutorial/FinishedObjects/Sprites/PNG/Icon46.png
  artifactKey: Guid(4f8c5887e55915b4eb58dbf6ee3a77ad) Importer(815301076,1909f56bfc062723c751e8b465ee728b)
Start importing Assets/Rhythm Game Tutorial/FinishedObjects/Sprites/PNG/Icon46.png using Guid(4f8c5887e55915b4eb58dbf6ee3a77ad) Importer(815301076,1909f56bfc062723c751e8b465ee728b)  -> (artifact id: 'd9fc1887e7d8df4acaa79355a5244fa9') in 0.013107 seconds 
========================================================================
Received Import Request.
  Time since last request: 0.000021 seconds.
  path: Assets/Rhythm Game Tutorial/FinishedObjects/Sprites/PNG/Icon57.png
  artifactKey: Guid(03ec6480c2b459248a9861929a36041f) Importer(815301076,1909f56bfc062723c751e8b465ee728b)
Start importing Assets/Rhythm Game Tutorial/FinishedObjects/Sprites/PNG/Icon57.png using Guid(03ec6480c2b459248a9861929a36041f) Importer(815301076,1909f56bfc062723c751e8b465ee728b)  -> (artifact id: '8739a7a1b4d863e4815057008ffdd885') in 0.013189 seconds 
========================================================================
Received Import Request.
  Time since last request: 0.000019 seconds.
  path: Assets/Rhythm Game Tutorial/FinishedObjects/Sprites/PNG/Icon49.png
  artifactKey: Guid(711b327dfda648546b69af52deb652d8) Importer(815301076,1909f56bfc062723c751e8b465ee728b)
Start importing Assets/Rhythm Game Tutorial/FinishedObjects/Sprites/PNG/Icon49.png using Guid(711b327dfda648546b69af52deb652d8) Importer(815301076,1909f56bfc062723c751e8b465ee728b)  -> (artifact id: '4a6d1443ee5e41a284353c27dade1117') in 0.011791 seconds 
========================================================================
Received Import Request.
  Time since last request: 0.446780 seconds.
  path: Assets/Rhythm Game Tutorial/FinishedObjects/Sprites/PNG/Icon85.png
  artifactKey: Guid(eca405289ec4bb846aa1117f0dc8e047) Importer(815301076,1909f56bfc062723c751e8b465ee728b)
Start importing Assets/Rhythm Game Tutorial/FinishedObjects/Sprites/PNG/Icon85.png using Guid(eca405289ec4bb846aa1117f0dc8e047) Importer(815301076,1909f56bfc062723c751e8b465ee728b)  -> (artifact id: '86e5dabfdb8173d2006417e8e392a9ae') in 0.014764 seconds 
========================================================================
Received Import Request.
  Time since last request: 0.000013 seconds.
  path: Assets/Rhythm Game Tutorial/FinishedObjects/Sprites/PNG/Icon95.png
  artifactKey: Guid(785dcbb39f210934fb25bf8b7807b530) Importer(815301076,1909f56bfc062723c751e8b465ee728b)
Start importing Assets/Rhythm Game Tutorial/FinishedObjects/Sprites/PNG/Icon95.png using Guid(785dcbb39f210934fb25bf8b7807b530) Importer(815301076,1909f56bfc062723c751e8b465ee728b)  -> (artifact id: '1ba316c6248d20b208cf1c1fbea8ee02') in 0.024678 seconds 
========================================================================
Received Import Request.
  Time since last request: 0.000016 seconds.
  path: Assets/Rhythm Game Tutorial/FinishedObjects/Sprites/PNG/Msg07.png
  artifactKey: Guid(c84811dd5a2a5aa47a58ce9e80bd4295) Importer(815301076,1909f56bfc062723c751e8b465ee728b)
Start importing Assets/Rhythm Game Tutorial/FinishedObjects/Sprites/PNG/Msg07.png using Guid(c84811dd5a2a5aa47a58ce9e80bd4295) Importer(815301076,1909f56bfc062723c751e8b465ee728b)  -> (artifact id: 'b19bf152cf48182b8e7f9112b5d9fb34') in 0.018823 seconds 
========================================================================
Received Import Request.
  Time since last request: 0.000015 seconds.
  path: Assets/Rhythm Game Tutorial/FinishedObjects/Sprites/PNG/Msg10.png
  artifactKey: Guid(948f64a1f1cb9a54db57ed96f4f2695b) Importer(815301076,1909f56bfc062723c751e8b465ee728b)
Start importing Assets/Rhythm Game Tutorial/FinishedObjects/Sprites/PNG/Msg10.png using Guid(948f64a1f1cb9a54db57ed96f4f2695b) Importer(815301076,1909f56bfc062723c751e8b465ee728b)  -> (artifact id: 'c1c3b99a7e1a0ba2ccac577859b67876') in 0.019360 seconds 
========================================================================
Received Import Request.
  Time since last request: 0.000016 seconds.
  path: Assets/Rhythm Game Tutorial/FinishedObjects/Sprites/PNG/Msg20.png
  artifactKey: Guid(655f328683ad68740b56e11496a6ab6b) Importer(815301076,1909f56bfc062723c751e8b465ee728b)
Start importing Assets/Rhythm Game Tutorial/FinishedObjects/Sprites/PNG/Msg20.png using Guid(655f328683ad68740b56e11496a6ab6b) Importer(815301076,1909f56bfc062723c751e8b465ee728b)  -> (artifact id: '5a460a4d05a155f72d8fd825334319f7') in 0.026528 seconds 
========================================================================
Received Import Request.
  Time since last request: 0.000016 seconds.
  path: Assets/Rhythm Game Tutorial/FinishedObjects/Sprites/PNG/Number05.png
  artifactKey: Guid(be8f59f0416341f4084b7001e57a9ae4) Importer(815301076,1909f56bfc062723c751e8b465ee728b)
Start importing Assets/Rhythm Game Tutorial/FinishedObjects/Sprites/PNG/Number05.png using Guid(be8f59f0416341f4084b7001e57a9ae4) Importer(815301076,1909f56bfc062723c751e8b465ee728b)  -> (artifact id: 'd68406058a374b93c8d8b94c5f9b8a74') in 0.013225 seconds 
========================================================================
Received Import Request.
  Time since last request: 0.000017 seconds.
  path: Assets/Rhythm Game Tutorial/FinishedObjects/Sprites/PNG/Msg15.png
  artifactKey: Guid(11fda185995dcf84486b5076c8fc495d) Importer(815301076,1909f56bfc062723c751e8b465ee728b)
Start importing Assets/Rhythm Game Tutorial/FinishedObjects/Sprites/PNG/Msg15.png using Guid(11fda185995dcf84486b5076c8fc495d) Importer(815301076,1909f56bfc062723c751e8b465ee728b)  -> (artifact id: '54e428c006784d16346767bad917973a') in 0.016333 seconds 
========================================================================
Received Import Request.
  Time since last request: 0.000015 seconds.
  path: Assets/Rhythm Game Tutorial/FinishedObjects/Sprites/PNG/Msg11.png
  artifactKey: Guid(98b98f46f32b74146bcb66d9eea25340) Importer(815301076,1909f56bfc062723c751e8b465ee728b)
Start importing Assets/Rhythm Game Tutorial/FinishedObjects/Sprites/PNG/Msg11.png using Guid(98b98f46f32b74146bcb66d9eea25340) Importer(815301076,1909f56bfc062723c751e8b465ee728b)  -> (artifact id: 'b22b63726628d7bba2a91be0ba9de414') in 0.013454 seconds 
========================================================================
Received Import Request.
  Time since last request: 0.000014 seconds.
  path: Assets/Rhythm Game Tutorial/FinishedObjects/Sprites/PNG/Icon90.png
  artifactKey: Guid(87df023c727451045817204cdced7f62) Importer(815301076,1909f56bfc062723c751e8b465ee728b)
Start importing Assets/Rhythm Game Tutorial/FinishedObjects/Sprites/PNG/Icon90.png using Guid(87df023c727451045817204cdced7f62) Importer(815301076,1909f56bfc062723c751e8b465ee728b)  -> (artifact id: '46a2402261b1cfafe785c386657fb64c') in 0.012649 seconds 
========================================================================
Received Import Request.
  Time since last request: 0.000018 seconds.
  path: Assets/Rhythm Game Tutorial/FinishedObjects/Sprites/PNG/Msg13.png
  artifactKey: Guid(ea18b4809bbcd78438ad339edc50b930) Importer(815301076,1909f56bfc062723c751e8b465ee728b)
Start importing Assets/Rhythm Game Tutorial/FinishedObjects/Sprites/PNG/Msg13.png using Guid(ea18b4809bbcd78438ad339edc50b930) Importer(815301076,1909f56bfc062723c751e8b465ee728b)  -> (artifact id: '6e58673a927a0e17f91420abad3cd370') in 0.013397 seconds 
========================================================================
Received Import Request.
  Time since last request: 0.000015 seconds.
  path: Assets/Rhythm Game Tutorial/FinishedObjects/Sprites/PNG/Msg01.png
  artifactKey: Guid(3d1a5fc8867610b469d16aca1ecce588) Importer(815301076,1909f56bfc062723c751e8b465ee728b)
Start importing Assets/Rhythm Game Tutorial/FinishedObjects/Sprites/PNG/Msg01.png using Guid(3d1a5fc8867610b469d16aca1ecce588) Importer(815301076,1909f56bfc062723c751e8b465ee728b)  -> (artifact id: '7b1697fed470d036512b23ff05a5c348') in 0.017408 seconds 
========================================================================
Received Import Request.
  Time since last request: 0.000029 seconds.
  path: Assets/Rhythm Game Tutorial/FinishedObjects/Sprites/PNG/Icon104.png
  artifactKey: Guid(02bd9f525679aec4b8322d58f2629f50) Importer(815301076,1909f56bfc062723c751e8b465ee728b)
Start importing Assets/Rhythm Game Tutorial/FinishedObjects/Sprites/PNG/Icon104.png using Guid(02bd9f525679aec4b8322d58f2629f50) Importer(815301076,1909f56bfc062723c751e8b465ee728b)  -> (artifact id: 'c670431e786a84e129cdc12e6c9e5f5d') in 0.011169 seconds 
========================================================================
Received Import Request.
  Time since last request: 0.000021 seconds.
  path: Assets/Rhythm Game Tutorial/FinishedObjects/Sprites/PNG/Icon105.png
  artifactKey: Guid(0242876562df2ad43a864f9a439a486b) Importer(815301076,1909f56bfc062723c751e8b465ee728b)
Start importing Assets/Rhythm Game Tutorial/FinishedObjects/Sprites/PNG/Icon105.png using Guid(0242876562df2ad43a864f9a439a486b) Importer(815301076,1909f56bfc062723c751e8b465ee728b)  -> (artifact id: '80d14dc86a4e6d337266ca1781fa25c6') in 0.012000 seconds 
========================================================================
Received Import Request.
  Time since last request: 0.000017 seconds.
  path: Assets/Rhythm Game Tutorial/FinishedObjects/Sprites/PNG/Msg12.png
  artifactKey: Guid(f5d57d73d98b7cb40b92c998ecfd6cd8) Importer(815301076,1909f56bfc062723c751e8b465ee728b)
Start importing Assets/Rhythm Game Tutorial/FinishedObjects/Sprites/PNG/Msg12.png using Guid(f5d57d73d98b7cb40b92c998ecfd6cd8) Importer(815301076,1909f56bfc062723c751e8b465ee728b)  -> (artifact id: '12fd0316013cab7d5a00310dde6c9fbb') in 0.013464 seconds 
========================================================================
Received Import Request.
  Time since last request: 0.000018 seconds.
  path: Assets/Rhythm Game Tutorial/FinishedObjects/Sprites/PNG/Msg16.png
  artifactKey: Guid(a2026faa8c4126e46bf6f7dc61344084) Importer(815301076,1909f56bfc062723c751e8b465ee728b)
Start importing Assets/Rhythm Game Tutorial/FinishedObjects/Sprites/PNG/Msg16.png using Guid(a2026faa8c4126e46bf6f7dc61344084) Importer(815301076,1909f56bfc062723c751e8b465ee728b)  -> (artifact id: 'd20cf81fa742fa1e9c770151ebb6c744') in 0.018018 seconds 
========================================================================
Received Import Request.
  Time since last request: 0.236433 seconds.
  path: Assets/Rhythm Game Tutorial/FinishedObjects/Sprites/PNG/Number07.png
  artifactKey: Guid(f2b72fd3ddc2e2a4c92046044214496f) Importer(815301076,1909f56bfc062723c751e8b465ee728b)
Start importing Assets/Rhythm Game Tutorial/FinishedObjects/Sprites/PNG/Number07.png using Guid(f2b72fd3ddc2e2a4c92046044214496f) Importer(815301076,1909f56bfc062723c751e8b465ee728b)  -> (artifact id: 'b11b5ed1835363463913a83d41f5117a') in 0.022107 seconds 
========================================================================
Received Import Request.
  Time since last request: 0.000018 seconds.
  path: Assets/Rhythm Game Tutorial/FinishedObjects/Sprites/PNG/Number32.png
  artifactKey: Guid(2cef0cd7f465eda48a20416e272c6300) Importer(815301076,1909f56bfc062723c751e8b465ee728b)
Start importing Assets/Rhythm Game Tutorial/FinishedObjects/Sprites/PNG/Number32.png using Guid(2cef0cd7f465eda48a20416e272c6300) Importer(815301076,1909f56bfc062723c751e8b465ee728b)  -> (artifact id: 'd1a0b214b656377171be4c17268dc6af') in 0.013281 seconds 
========================================================================
Received Import Request.
  Time since last request: 0.000013 seconds.
  path: Assets/Rhythm Game Tutorial/FinishedObjects/Sprites/PNG/Number30.png
  artifactKey: Guid(a238b8d5698a42d4389709db0c62621a) Importer(815301076,1909f56bfc062723c751e8b465ee728b)
Start importing Assets/Rhythm Game Tutorial/FinishedObjects/Sprites/PNG/Number30.png using Guid(a238b8d5698a42d4389709db0c62621a) Importer(815301076,1909f56bfc062723c751e8b465ee728b)  -> (artifact id: '55eeb4e9987932159fcbeb7a0d0c4282') in 0.012889 seconds 
========================================================================
Received Import Request.
  Time since last request: 0.000013 seconds.
  path: Assets/Rhythm Game Tutorial/FinishedObjects/Sprites/PNG/Number33.png
  artifactKey: Guid(3b9d0819e19076e4285b1eeeb2fd33b1) Importer(815301076,1909f56bfc062723c751e8b465ee728b)
Start importing Assets/Rhythm Game Tutorial/FinishedObjects/Sprites/PNG/Number33.png using Guid(3b9d0819e19076e4285b1eeeb2fd33b1) Importer(815301076,1909f56bfc062723c751e8b465ee728b)  -> (artifact id: '5ecdf815d31892746bc2f0299539e496') in 0.014133 seconds 
========================================================================
Received Import Request.
  Time since last request: 0.000020 seconds.
  path: Assets/Rhythm Game Tutorial/FinishedObjects/Sprites/PNG/Number31.png
  artifactKey: Guid(151dfabde4df8854ba923a3357519bed) Importer(815301076,1909f56bfc062723c751e8b465ee728b)
Start importing Assets/Rhythm Game Tutorial/FinishedObjects/Sprites/PNG/Number31.png using Guid(151dfabde4df8854ba923a3357519bed) Importer(815301076,1909f56bfc062723c751e8b465ee728b)  -> (artifact id: '056fd022c90420b18df10865927fcb86') in 0.015613 seconds 
========================================================================
Received Import Request.
  Time since last request: 0.000017 seconds.
  path: Assets/Rhythm Game Tutorial/FinishedObjects/Sprites/PNG/Slider04.png
  artifactKey: Guid(11493103480afb540aac4788e64024e2) Importer(815301076,1909f56bfc062723c751e8b465ee728b)
Start importing Assets/Rhythm Game Tutorial/FinishedObjects/Sprites/PNG/Slider04.png using Guid(11493103480afb540aac4788e64024e2) Importer(815301076,1909f56bfc062723c751e8b465ee728b)  -> (artifact id: '9c9b3a08f9399c9fc5ac2cfa38cd68e5') in 0.013384 seconds 
========================================================================
Received Import Request.
  Time since last request: 0.000015 seconds.
  path: Assets/Rhythm Game Tutorial/FinishedObjects/Sprites/PNG/Number20.png
  artifactKey: Guid(51a5c45e93e05bd47a12c280d5fe41fc) Importer(815301076,1909f56bfc062723c751e8b465ee728b)
Start importing Assets/Rhythm Game Tutorial/FinishedObjects/Sprites/PNG/Number20.png using Guid(51a5c45e93e05bd47a12c280d5fe41fc) Importer(815301076,1909f56bfc062723c751e8b465ee728b)  -> (artifact id: '29f7b990e5dbb5e468e5a33d11f8024e') in 0.014100 seconds 
========================================================================
Received Import Request.
  Time since last request: 0.000018 seconds.
  path: Assets/Rhythm Game Tutorial/FinishedObjects/Sprites/PNG/Number45.png
  artifactKey: Guid(c7f7bf70c17d7e0469fd00b12263d95c) Importer(815301076,1909f56bfc062723c751e8b465ee728b)
Start importing Assets/Rhythm Game Tutorial/FinishedObjects/Sprites/PNG/Number45.png using Guid(c7f7bf70c17d7e0469fd00b12263d95c) Importer(815301076,1909f56bfc062723c751e8b465ee728b)  -> (artifact id: 'ce08ceb1a51d61db52845db97ffd09f5') in 0.013210 seconds 
========================================================================
Received Import Request.
  Time since last request: 0.000014 seconds.
  path: Assets/Rhythm Game Tutorial/FinishedObjects/Sprites/PNG/Number41.png
  artifactKey: Guid(4c3735c7ece48a245b35fb3cba2167d6) Importer(815301076,1909f56bfc062723c751e8b465ee728b)
Start importing Assets/Rhythm Game Tutorial/FinishedObjects/Sprites/PNG/Number41.png using Guid(4c3735c7ece48a245b35fb3cba2167d6) Importer(815301076,1909f56bfc062723c751e8b465ee728b)  -> (artifact id: 'f6e0e7de178134ea230fd0ad96dc9059') in 0.014588 seconds 
========================================================================
Received Import Request.
  Time since last request: 0.000013 seconds.
  path: Assets/Rhythm Game Tutorial/FinishedObjects/Sprites/PNG/Number25.png
  artifactKey: Guid(53d586acc9a8a564293877559a1b12db) Importer(815301076,1909f56bfc062723c751e8b465ee728b)
Start importing Assets/Rhythm Game Tutorial/FinishedObjects/Sprites/PNG/Number25.png using Guid(53d586acc9a8a564293877559a1b12db) Importer(815301076,1909f56bfc062723c751e8b465ee728b)  -> (artifact id: 'f33bb07fecc3db9eb9c4a693e3c55e3f') in 0.012610 seconds 
========================================================================
Received Import Request.
  Time since last request: 0.000019 seconds.
  path: Assets/Rhythm Game Tutorial/FinishedObjects/Sprites/PNG/Progress04.png
  artifactKey: Guid(7026330c3b42de14583cac1847ef2f03) Importer(815301076,1909f56bfc062723c751e8b465ee728b)
Start importing Assets/Rhythm Game Tutorial/FinishedObjects/Sprites/PNG/Progress04.png using Guid(7026330c3b42de14583cac1847ef2f03) Importer(815301076,1909f56bfc062723c751e8b465ee728b)  -> (artifact id: 'a26aaa8833c01e72d8e4177176b2e8f0') in 0.013573 seconds 
========================================================================
Received Import Request.
  Time since last request: 0.000011 seconds.
  path: Assets/Rhythm Game Tutorial/FinishedObjects/Sprites/PNG/Number36.png
  artifactKey: Guid(bfd90bdff8d510c429231514017b3230) Importer(815301076,1909f56bfc062723c751e8b465ee728b)
Start importing Assets/Rhythm Game Tutorial/FinishedObjects/Sprites/PNG/Number36.png using Guid(bfd90bdff8d510c429231514017b3230) Importer(815301076,1909f56bfc062723c751e8b465ee728b)  -> (artifact id: '806dc7d71fc86d34f0ec0acfb474247d') in 0.013547 seconds 
========================================================================
Received Import Request.
  Time since last request: 0.000019 seconds.
  path: Assets/Rhythm Game Tutorial/FinishedObjects/Sprites/PNG/Number44.png
  artifactKey: Guid(c6977fbb6e926d44991c1c43b6a8c87c) Importer(815301076,1909f56bfc062723c751e8b465ee728b)
Start importing Assets/Rhythm Game Tutorial/FinishedObjects/Sprites/PNG/Number44.png using Guid(c6977fbb6e926d44991c1c43b6a8c87c) Importer(815301076,1909f56bfc062723c751e8b465ee728b)  -> (artifact id: 'd61f22907060e6cdb5428ebdd27fb941') in 0.013449 seconds 
========================================================================
Received Import Request.
  Time since last request: 0.000019 seconds.
  path: Assets/Rhythm Game Tutorial/FinishedObjects/Sprites/PNG/Number22.png
  artifactKey: Guid(e8e46c25981290340a9cb5568cbe3f0d) Importer(815301076,1909f56bfc062723c751e8b465ee728b)
Start importing Assets/Rhythm Game Tutorial/FinishedObjects/Sprites/PNG/Number22.png using Guid(e8e46c25981290340a9cb5568cbe3f0d) Importer(815301076,1909f56bfc062723c751e8b465ee728b)  -> (artifact id: '6e76d7c36eefbe0f45aaa98e102c5e99') in 0.012898 seconds 
========================================================================
Received Import Request.
  Time since last request: 0.000021 seconds.
  path: Assets/Rhythm Game Tutorial/FinishedObjects/Sprites/PNG/Number40.png
  artifactKey: Guid(569bfacb058ca684e980ffa8114a62d6) Importer(815301076,1909f56bfc062723c751e8b465ee728b)
Start importing Assets/Rhythm Game Tutorial/FinishedObjects/Sprites/PNG/Number40.png using Guid(569bfacb058ca684e980ffa8114a62d6) Importer(815301076,1909f56bfc062723c751e8b465ee728b)  -> (artifact id: 'c1b3d42073ce2bd1f30716a1dc6023b7') in 0.014160 seconds 
========================================================================
Received Import Request.
  Time since last request: 0.000020 seconds.
  path: Assets/Rhythm Game Tutorial/FinishedObjects/Sprites/PNG/Number38.png
  artifactKey: Guid(59a6b7caf6e37ce4782f4add5e562aa1) Importer(815301076,1909f56bfc062723c751e8b465ee728b)
Start importing Assets/Rhythm Game Tutorial/FinishedObjects/Sprites/PNG/Number38.png using Guid(59a6b7caf6e37ce4782f4add5e562aa1) Importer(815301076,1909f56bfc062723c751e8b465ee728b)  -> (artifact id: '1b03744ad92b519014c7ed2c584b849e') in 0.014123 seconds 
========================================================================
Received Import Request.
  Time since last request: 0.286865 seconds.
  path: Assets/Rhythm Game Tutorial/FinishedObjects/Sprites/PNG/Slider05.png
  artifactKey: Guid(18dced57794ce4c4e9d3f17b78cffd75) Importer(815301076,1909f56bfc062723c751e8b465ee728b)
Start importing Assets/Rhythm Game Tutorial/FinishedObjects/Sprites/PNG/Slider05.png using Guid(18dced57794ce4c4e9d3f17b78cffd75) Importer(815301076,1909f56bfc062723c751e8b465ee728b)  -> (artifact id: '4fcbdb068a50c67d6a13f47e95113ec8') in 0.015679 seconds 
========================================================================
Received Prepare
Registering precompiled user dll's ...
Registered in 0.004380 seconds.
Begin MonoManager ReloadAssembly
Native extension for WindowsStandalone target not found
Refreshing native plugins compatible for Editor in 0.60 ms, found 2 plugins.
Preloading 0 native plugins for Editor in 0.00 ms.
Mono: successfully reloaded assembly
- Completed reload, in  1.097 seconds
Domain Reload Profiling:
	ReloadAssembly (1098ms)
		BeginReloadAssembly (116ms)
			ExecutionOrderSort (0ms)
			DisableScriptedObjects (5ms)
			BackupInstance (0ms)
			ReleaseScriptingObjects (0ms)
			CreateAndSetChildDomain (30ms)
		EndReloadAssembly (887ms)
			LoadAssemblies (74ms)
			RebuildTransferFunctionScriptingTraits (0ms)
			SetupTypeCache (181ms)
			ReleaseScriptCaches (1ms)
			RebuildScriptCaches (43ms)
			SetupLoadedEditorAssemblies (546ms)
				LogAssemblyErrors (0ms)
				InitializePlatformSupportModulesInManaged (11ms)
				SetLoadedEditorAssemblies (0ms)
				RefreshPlugins (1ms)
				BeforeProcessingInitializeOnLoad (73ms)
				ProcessInitializeOnLoadAttributes (339ms)
				ProcessInitializeOnLoadMethodAttributes (112ms)
				AfterProcessingInitializeOnLoad (8ms)
				EditorAssembliesLoaded (0ms)
			ExecutionOrderSort2 (0ms)
			AwakeInstancesAfterBackupRestoration (6ms)
Platform modules already initialized, skipping
Refreshing native plugins compatible for Editor in 5.71 ms, found 2 plugins.
Preloading 0 native plugins for Editor in 0.00 ms.
Unloading 2450 Unused Serialized files (Serialized files now loaded: 0)
Unloading 51 unused Assets / (125.8 KB). Loaded Objects now: 3012.
Memory consumption went from 98.4 MB to 98.3 MB.
Total: 4.804200 ms (FindLiveObjects: 0.141100 ms CreateObjectMapping: 0.058200 ms MarkObjects: 4.525400 ms  DeleteObjects: 0.078800 ms)

AssetImportParameters requested are different than current active one (requested -> active):
  custom:video-decoder-ogg-theora: a1e56fd34408186e4bbccfd4996cb3dc -> 
  custom:container-muxer-webm: aa71ff27fc2769a1b78a27578f13a17b -> 
  custom:container-demuxer-webm: 4f35f7cbe854078d1ac9338744f61a02 -> 
  custom:video-encoder-webm-vp8: eb34c28f22e8b96e1ab97ce403110664 -> 
  custom:audio-encoder-webm-vorbis: bf7c407c2cedff20999df2af8eb42d56 -> 
  custom:framework-win-MediaFoundation: 216162199b28c13a410421893ffa2e32 -> 
  custom:container-demuxer-ogg: 62fdf1f143b41e24485cea50d1cbac27 -> 
  custom:video-decoder-webm-vp8: 9c59270c3fd7afecdb556c50c9e8de78 -> 
  custom:audio-decoder-ogg-vorbis: bf7c407c2cedff20999df2af8eb42d56 -> 
========================================================================
Received Prepare
Registering precompiled user dll's ...
Registered in 0.004212 seconds.
Begin MonoManager ReloadAssembly
Native extension for WindowsStandalone target not found
Refreshing native plugins compatible for Editor in 0.92 ms, found 2 plugins.
Preloading 0 native plugins for Editor in 0.00 ms.
Mono: successfully reloaded assembly
- Completed reload, in  1.089 seconds
Domain Reload Profiling:
	ReloadAssembly (1089ms)
		BeginReloadAssembly (119ms)
			ExecutionOrderSort (0ms)
			DisableScriptedObjects (5ms)
			BackupInstance (0ms)
			ReleaseScriptingObjects (0ms)
			CreateAndSetChildDomain (28ms)
		EndReloadAssembly (873ms)
			LoadAssemblies (82ms)
			RebuildTransferFunctionScriptingTraits (0ms)
			SetupTypeCache (182ms)
			ReleaseScriptCaches (1ms)
			RebuildScriptCaches (47ms)
			SetupLoadedEditorAssemblies (530ms)
				LogAssemblyErrors (0ms)
				InitializePlatformSupportModulesInManaged (12ms)
				SetLoadedEditorAssemblies (1ms)
				RefreshPlugins (1ms)
				BeforeProcessingInitializeOnLoad (76ms)
				ProcessInitializeOnLoadAttributes (324ms)
				ProcessInitializeOnLoadMethodAttributes (109ms)
				AfterProcessingInitializeOnLoad (7ms)
				EditorAssembliesLoaded (0ms)
			ExecutionOrderSort2 (0ms)
			AwakeInstancesAfterBackupRestoration (5ms)
Platform modules already initialized, skipping
Refreshing native plugins compatible for Editor in 4.28 ms, found 2 plugins.
Preloading 0 native plugins for Editor in 0.00 ms.
Unloading 2450 Unused Serialized files (Serialized files now loaded: 0)
Unloading 51 unused Assets / (125.6 KB). Loaded Objects now: 3015.
Memory consumption went from 98.5 MB to 98.3 MB.
Total: 4.907200 ms (FindLiveObjects: 0.132000 ms CreateObjectMapping: 0.075400 ms MarkObjects: 4.611600 ms  DeleteObjects: 0.086800 ms)

AssetImportParameters requested are different than current active one (requested -> active):
  custom:video-decoder-ogg-theora: a1e56fd34408186e4bbccfd4996cb3dc -> 
  custom:container-muxer-webm: aa71ff27fc2769a1b78a27578f13a17b -> 
  custom:container-demuxer-webm: 4f35f7cbe854078d1ac9338744f61a02 -> 
  custom:video-encoder-webm-vp8: eb34c28f22e8b96e1ab97ce403110664 -> 
  custom:audio-encoder-webm-vorbis: bf7c407c2cedff20999df2af8eb42d56 -> 
  custom:framework-win-MediaFoundation: 216162199b28c13a410421893ffa2e32 -> 
  custom:container-demuxer-ogg: 62fdf1f143b41e24485cea50d1cbac27 -> 
  custom:video-decoder-webm-vp8: 9c59270c3fd7afecdb556c50c9e8de78 -> 
  custom:audio-decoder-ogg-vorbis: bf7c407c2cedff20999df2af8eb42d56 -> 
